#
# There is insufficient memory for the Java Runtime Environment to continue.
# Native memory allocation (malloc) failed to allocate 1195856 bytes for Chunk::new
# Possible reasons:
#   The system is out of physical RAM or swap space
#   The process is running with CompressedOops enabled, and the Java Heap may be blocking the growth of the native heap
# Possible solutions:
#   Reduce memory load on the system
#   Increase physical memory or swap space
#   Check if swap backing store is full
#   Decrease Java heap size (-Xmx/-Xms)
#   Decrease number of Java threads
#   Decrease Java thread stack sizes (-Xss)
#   Set larger code cache with -XX:ReservedCodeCacheSize=
#   JVM is running with Unscaled Compressed Oops mode in which the Java heap is
#     placed in the first 4GB address space. The Java Heap base address is the
#     maximum limit for the native heap growth. Please use -XX:HeapBaseMinAddress
#     to set the Java Heap base and to place the Java Heap above 4GB virtual address.
# This output file may be truncated or incomplete.
#
#  Out of Memory Error (./src/hotspot/share/memory/arena.cpp:197), pid=9656, tid=3116
#
# JRE version: OpenJDK Runtime Environment (11.0.8+10) (build 11.0.8+10-b944.6842174)
# Java VM: OpenJDK 64-Bit Server VM (11.0.8+10-b944.6842174, mixed mode, tiered, compressed oops, g1 gc, windows-amd64)
# No core dump will be written. Minidumps are not enabled by default on client versions of Windows
#

---------------  S U M M A R Y ------------

Command Line: --add-opens=java.base/java.util=ALL-UNNAMED --add-opens=java.base/java.lang=ALL-UNNAMED --add-opens=java.base/java.lang.invoke=ALL-UNNAMED --add-opens=java.prefs/java.util.prefs=ALL-UNNAMED -Xmx2048m -Dfile.encoding=UTF-8 -Duser.country=US -Duser.language=en -Duser.variant org.gradle.launcher.daemon.bootstrap.GradleDaemon 6.7.1

Host: Intel(R) Core(TM) i5-4200M CPU @ 2.50GHz, 4 cores, 3G,  Windows 10 , 64 bit Build 19041 (10.0.19041.1706)
Time: Tue Jun 21 12:19:01 2022 Dateline Standard Time elapsed time: 907 seconds (0d 0h 15m 7s)

---------------  T H R E A D  ---------------

Current thread (0x00000167aed0c000):  JavaThread "C2 CompilerThread0" daemon [_thread_in_native, id=3116, stack(0x000000503df00000,0x000000503e000000)]


Current CompileTask:
C2: 907275 23244       4       org.gradle.internal.execution.history.changes.DefaultExecutionStateChangeDetector::detectChanges (337 bytes)

Stack: [0x000000503df00000,0x000000503e000000]
Native frames: (J=compiled Java code, j=interpreted, Vv=VM code, C=native code)
V  [jvm.dll+0x5de50a]
V  [jvm.dll+0x7122f5]
V  [jvm.dll+0x71384d]
V  [jvm.dll+0x713f03]
V  [jvm.dll+0x23e728]
V  [jvm.dll+0xb899c]
V  [jvm.dll+0xb8e9c]
V  [jvm.dll+0x35020b]
V  [jvm.dll+0x31dea3]
V  [jvm.dll+0x31d39a]
V  [jvm.dll+0x1f7702]
V  [jvm.dll+0x1f68d4]
V  [jvm.dll+0x17f32c]
V  [jvm.dll+0x205047]
V  [jvm.dll+0x203891]
V  [jvm.dll+0x6dad3f]
V  [jvm.dll+0x6d3895]
V  [jvm.dll+0x5dd4a6]
C  [ucrtbase.dll+0x21bb2]
C  [KERNEL32.DLL+0x17034]
C  [ntdll.dll+0x52651]


---------------  P R O C E S S  ---------------

Threads class SMR info:
_java_thread_list=0x00000167bb553340, length=164, elements={
0x00000167932ed000, 0x00000167aecab800, 0x00000167aecac800, 0x00000167aed05800,
0x00000167aed09800, 0x00000167aed0c000, 0x00000167aed0f000, 0x00000167aed12000,
0x00000167af776800, 0x00000167af77b800, 0x00000167af77a800, 0x00000167af775800,
0x00000167af777800, 0x00000167af657000, 0x00000167af652800, 0x00000167af654800,
0x00000167af65b800, 0x00000167af656800, 0x00000167b1891800, 0x00000167b1899000,
0x00000167b1898000, 0x00000167b1896800, 0x00000167b1895800, 0x00000167b80c1800,
0x00000167b45c9000, 0x00000167b80c2000, 0x00000167b80bf000, 0x00000167b80bd800,
0x00000167b80c0800, 0x00000167b80c5800, 0x00000167b80bf800, 0x00000167b80c8000,
0x00000167b80c4000, 0x00000167b80c3000, 0x00000167b80c9800, 0x00000167b80c4800,
0x00000167b80cb000, 0x00000167b80c8800, 0x00000167b80cc000, 0x00000167b80c7000,
0x00000167b80c6800, 0x00000167b80d2800, 0x00000167b80cf000, 0x00000167b80d0000,
0x00000167b80d1800, 0x00000167b80cd800, 0x00000167b80cd000, 0x00000167b80d1000,
0x00000167b80d4000, 0x00000167b80d3800, 0x00000167b80ce800, 0x00000167b80d9000,
0x00000167b80d6000, 0x00000167b80d5000, 0x00000167b80d6800, 0x00000167b80dc800,
0x00000167b80d8000, 0x00000167b80da000, 0x00000167b80da800, 0x00000167b80d7800,
0x00000167b80db800, 0x00000167b45bd800, 0x00000167b45c3000, 0x00000167b45c4000,
0x00000167b45c1000, 0x00000167b45c2800, 0x00000167b45bf000, 0x00000167b45be800,
0x00000167b45c0000, 0x00000167b45c5000, 0x00000167b45c5800, 0x00000167b45c6800,
0x00000167b45c7800, 0x00000167b45c1800, 0x00000167b45c8000, 0x00000167b45ca800,
0x00000167b45cb800, 0x00000167b45ca000, 0x00000167b45cc000, 0x00000167af653000,
0x00000167af659800, 0x00000167af655800, 0x00000167af654000, 0x00000167af65d800,
0x00000167af658000, 0x00000167af65c000, 0x00000167af65a800, 0x00000167af65e800,
0x00000167af659000, 0x00000167af65f800, 0x00000167af660000, 0x00000167af661000,
0x00000167b188c800, 0x00000167b188d800, 0x00000167b188f000, 0x00000167b188a000,
0x00000167b188b000, 0x00000167b1890000, 0x00000167b188c000, 0x00000167b1892800,
0x00000167b188e800, 0x00000167b1894000, 0x00000167b1897800, 0x00000167b1893000,
0x00000167b1895000, 0x00000167af779000, 0x00000167af77c000, 0x00000167af77a000,
0x00000167af778000, 0x00000167b004e800, 0x00000167b0048800, 0x00000167b0049800,
0x00000167b004d800, 0x00000167b004f000, 0x00000167b004b000, 0x00000167b004d000,
0x00000167b0050000, 0x00000167b004a800, 0x00000167b0051000, 0x00000167b004c000,
0x00000167b0052800, 0x00000167b0055000, 0x00000167b0056800, 0x00000167b0053800,
0x00000167b0054000, 0x00000167b0057800, 0x00000167b0056000, 0x00000167b0051800,
0x00000167b2334000, 0x00000167b2334800, 0x00000167b2333000, 0x00000167b2339000,
0x00000167b2339800, 0x00000167b233a800, 0x00000167b2337000, 0x00000167b2336800,
0x00000167b233b000, 0x00000167b2335800, 0x00000167b233c000, 0x00000167b233d000,
0x00000167b233d800, 0x00000167b2338000, 0x00000167b233e800, 0x00000167b233f800,
0x00000167b2342000, 0x00000167b2340000, 0x00000167b2341000, 0x00000167b7b03800,
0x00000167b7b07800, 0x00000167b7b05800, 0x00000167b7b09000, 0x00000167b7b05000,
0x00000167b7b06800, 0x00000167b7b08000, 0x00000167b7b0a000, 0x00000167b7b04000,
0x00000167b7b0b800, 0x00000167b7b0e800, 0x00000167b7b10800, 0x00000167b7b0c000,
0x00000167b7b0f800, 0x00000167b7b0d000, 0x00000167b7b0e000, 0x00000167b7b0a800
}

Java Threads: ( => current thread )
  0x00000167932ed000 JavaThread "main" [_thread_blocked, id=15812, stack(0x000000503d400000,0x000000503d500000)]
  0x00000167aecab800 JavaThread "Reference Handler" daemon [_thread_blocked, id=2360, stack(0x000000503db00000,0x000000503dc00000)]
  0x00000167aecac800 JavaThread "Finalizer" daemon [_thread_blocked, id=8152, stack(0x000000503dc00000,0x000000503dd00000)]
  0x00000167aed05800 JavaThread "Signal Dispatcher" daemon [_thread_blocked, id=11504, stack(0x000000503dd00000,0x000000503de00000)]
  0x00000167aed09800 JavaThread "Attach Listener" daemon [_thread_blocked, id=7468, stack(0x000000503de00000,0x000000503df00000)]
=>0x00000167aed0c000 JavaThread "C2 CompilerThread0" daemon [_thread_in_native, id=3116, stack(0x000000503df00000,0x000000503e000000)]
  0x00000167aed0f000 JavaThread "C1 CompilerThread0" daemon [_thread_blocked, id=10856, stack(0x000000503e000000,0x000000503e100000)]
  0x00000167aed12000 JavaThread "Sweeper thread" daemon [_thread_blocked, id=10932, stack(0x000000503e100000,0x000000503e200000)]
  0x00000167af776800 JavaThread "Common-Cleaner" daemon [_thread_blocked, id=11036, stack(0x000000503e200000,0x000000503e300000)]
  0x00000167af77b800 JavaThread "Service Thread" daemon [_thread_blocked, id=15228, stack(0x000000503e300000,0x000000503e400000)]
  0x00000167af77a800 JavaThread "Daemon health stats" [_thread_blocked, id=920, stack(0x000000503e600000,0x000000503e700000)]
  0x00000167af775800 JavaThread "Incoming local TCP Connector on port 49389" [_thread_in_native, id=11160, stack(0x000000503e900000,0x000000503ea00000)]
  0x00000167af777800 JavaThread "Daemon periodic checks" [_thread_blocked, id=2752, stack(0x000000503ea00000,0x000000503eb00000)]
  0x00000167af657000 JavaThread "Cache worker for file hash cache (C:\Users\Moon\.gradle\caches\6.7.1\fileHashes)" [_thread_blocked, id=1180, stack(0x000000503f400000,0x000000503f500000)]
  0x00000167af652800 JavaThread "File lock request listener" [_thread_in_native, id=8240, stack(0x000000503f500000,0x000000503f600000)]
  0x00000167af654800 JavaThread "Cache worker for journal cache (C:\Users\Moon\.gradle\caches\journal-1)" [_thread_blocked, id=15244, stack(0x000000503f600000,0x000000503f700000)]
  0x00000167af65b800 JavaThread "Cache worker for execution history cache (C:\Users\Moon\.gradle\caches\6.7.1\executionHistory)" [_thread_blocked, id=1052, stack(0x000000503fb00000,0x000000503fc00000)]
  0x00000167af656800 JavaThread "Cache worker for file content cache (C:\Users\Moon\.gradle\caches\6.7.1\fileContent)" [_thread_blocked, id=9624, stack(0x000000503fd00000,0x000000503fe00000)]
  0x00000167b1891800 JavaThread "Memory manager" [_thread_blocked, id=11576, stack(0x0000005047700000,0x0000005047800000)]
  0x00000167b1899000 JavaThread "RMI Scheduler(0)" daemon [_thread_blocked, id=15728, stack(0x0000005048200000,0x0000005048300000)]
  0x00000167b1898000 JavaThread "RMI GC Daemon" daemon [_thread_blocked, id=8468, stack(0x0000005048400000,0x0000005048500000)]
  0x00000167b1896800 JavaThread "RMI TCP Accept-0" daemon [_thread_in_native, id=3532, stack(0x0000005048500000,0x0000005048600000)]
  0x00000167b1895800 JavaThread "RMI Reaper" [_thread_blocked, id=8792, stack(0x0000005048600000,0x0000005048700000)]
  0x00000167b80c1800 JavaThread "Cache worker for Java compile cache (C:\Users\Moon\.gradle\caches\6.7.1\javaCompile)" [_thread_blocked, id=9064, stack(0x000000503d300000,0x000000503d400000)]
  0x00000167b45c9000 JavaThread "ForkJoinPool.commonPool-worker-7" daemon [_thread_blocked, id=1128, stack(0x0000005048700000,0x0000005048800000)]
  0x00000167b80c2000 JavaThread "Daemon Thread 4" [_thread_blocked, id=9320, stack(0x000000503d200000,0x000000503d300000)]
  0x00000167b80bf000 JavaThread "Daemon worker Thread 4" [_thread_in_native, id=6656, stack(0x000000503ec00000,0x000000503ed00000)]
  0x00000167b80bd800 JavaThread "Handler for socket connection from /127.0.0.1:49389 to /127.0.0.1:62623" [_thread_in_native, id=1540, stack(0x000000503e800000,0x000000503e900000)]
  0x00000167b80c0800 JavaThread "Cancel handler" [_thread_blocked, id=6564, stack(0x000000503eb00000,0x000000503ec00000)]
  0x00000167b80c5800 JavaThread "Asynchronous log dispatcher for DefaultDaemonConnection: socket connection from /127.0.0.1:49389 to /127.0.0.1:62623" [_thread_in_Java, id=15956, stack(0x000000503ed00000,0x000000503ee00000)]
  0x00000167b80bf800 JavaThread "Stdin handler" [_thread_blocked, id=8808, stack(0x000000503ee00000,0x000000503ef00000)]
  0x00000167b80c8000 JavaThread "Thread-867" [_thread_blocked, id=13636, stack(0x000000503ef00000,0x000000503f000000)]
  0x00000167b80c4000 JavaThread "Cache worker for file hash cache (E:\SecurityApp\.gradle\6.7.1\fileHashes)" [_thread_blocked, id=4676, stack(0x000000503f000000,0x000000503f100000)]
  0x00000167b80c3000 JavaThread "Cache worker for checksums cache (E:\SecurityApp\.gradle\checksums)" [_thread_blocked, id=3856, stack(0x000000503f100000,0x000000503f200000)]
  0x00000167b80c9800 JavaThread "Cache worker for cache directory md-supplier (C:\Users\Moon\.gradle\caches\6.7.1\md-supplier)" [_thread_blocked, id=14768, stack(0x000000503f700000,0x000000503f800000)]
  0x00000167b80c4800 JavaThread "Cache worker for cache directory md-rule (C:\Users\Moon\.gradle\caches\6.7.1\md-rule)" [_thread_blocked, id=5076, stack(0x000000503f800000,0x000000503f900000)]
  0x00000167b80cb000 JavaThread "Cache worker for Build Output Cleanup Cache (E:\SecurityApp\.gradle\buildOutputCleanup)" [_thread_blocked, id=4552, stack(0x000000503f900000,0x000000503fa00000)]
  0x00000167b80c8800 JavaThread "Build operations" [_thread_in_Java, id=10184, stack(0x000000503fa00000,0x000000503fb00000)]
  0x00000167b80cc000 JavaThread "Build operations Thread 2" [_thread_blocked, id=2112, stack(0x000000503fc00000,0x000000503fd00000)]
  0x00000167b80c7000 JavaThread "Build operations Thread 3" [_thread_in_Java, id=13816, stack(0x000000503fe00000,0x000000503ff00000)]
  0x00000167b80c6800 JavaThread "Build operations Thread 4" [_thread_blocked, id=2448, stack(0x000000503ff00000,0x0000005040000000)]
  0x00000167b80d2800 JavaThread "jar transforms Thread 703" [_thread_blocked, id=12852, stack(0x0000005040000000,0x0000005040100000)]
  0x00000167b80cf000 JavaThread "jar transforms Thread 704" [_thread_blocked, id=14480, stack(0x0000005040100000,0x0000005040200000)]
  0x00000167b80d0000 JavaThread "jar transforms Thread 705" [_thread_blocked, id=13656, stack(0x0000005040200000,0x0000005040300000)]
  0x00000167b80d1800 JavaThread "jar transforms Thread 706" [_thread_blocked, id=14328, stack(0x0000005040300000,0x0000005040400000)]
  0x00000167b80cd800 JavaThread "jar transforms Thread 707" [_thread_blocked, id=16200, stack(0x0000005040400000,0x0000005040500000)]
  0x00000167b80cd000 JavaThread "jar transforms Thread 708" [_thread_blocked, id=9332, stack(0x0000005040500000,0x0000005040600000)]
  0x00000167b80d1000 JavaThread "jar transforms Thread 709" [_thread_blocked, id=11696, stack(0x0000005040600000,0x0000005040700000)]
  0x00000167b80d4000 JavaThread "jar transforms Thread 710" [_thread_blocked, id=7148, stack(0x0000005040700000,0x0000005040800000)]
  0x00000167b80d3800 JavaThread "jar transforms Thread 711" [_thread_blocked, id=13540, stack(0x0000005040800000,0x0000005040900000)]
  0x00000167b80ce800 JavaThread "jar transforms Thread 712" [_thread_blocked, id=4056, stack(0x0000005040900000,0x0000005040a00000)]
  0x00000167b80d9000 JavaThread "jar transforms Thread 713" [_thread_blocked, id=6868, stack(0x0000005040a00000,0x0000005040b00000)]
  0x00000167b80d6000 JavaThread "jar transforms Thread 714" [_thread_blocked, id=7968, stack(0x0000005040b00000,0x0000005040c00000)]
  0x00000167b80d5000 JavaThread "jar transforms Thread 715" [_thread_blocked, id=2152, stack(0x0000005040c00000,0x0000005040d00000)]
  0x00000167b80d6800 JavaThread "jar transforms Thread 716" [_thread_blocked, id=9688, stack(0x0000005040d00000,0x0000005040e00000)]
  0x00000167b80dc800 JavaThread "jar transforms Thread 717" [_thread_blocked, id=13812, stack(0x0000005040e00000,0x0000005040f00000)]
  0x00000167b80d8000 JavaThread "jar transforms Thread 718" [_thread_blocked, id=15968, stack(0x0000005040f00000,0x0000005041000000)]
  0x00000167b80da000 JavaThread "jar transforms Thread 719" [_thread_blocked, id=8644, stack(0x0000005041000000,0x0000005041100000)]
  0x00000167b80da800 JavaThread "jar transforms Thread 720" [_thread_blocked, id=6988, stack(0x0000005041100000,0x0000005041200000)]
  0x00000167b80d7800 JavaThread "jar transforms Thread 721" [_thread_blocked, id=1640, stack(0x0000005041200000,0x0000005041300000)]
  0x00000167b80db800 JavaThread "jar transforms Thread 722" [_thread_blocked, id=11932, stack(0x0000005041300000,0x0000005041400000)]
  0x00000167b45bd800 JavaThread "jar transforms Thread 723" [_thread_blocked, id=2504, stack(0x0000005041400000,0x0000005041500000)]
  0x00000167b45c3000 JavaThread "jar transforms Thread 724" [_thread_blocked, id=5648, stack(0x0000005041500000,0x0000005041600000)]
  0x00000167b45c4000 JavaThread "jar transforms Thread 725" [_thread_blocked, id=14752, stack(0x0000005041600000,0x0000005041700000)]
  0x00000167b45c1000 JavaThread "jar transforms Thread 726" [_thread_blocked, id=5568, stack(0x0000005041700000,0x0000005041800000)]
  0x00000167b45c2800 JavaThread "jar transforms Thread 727" [_thread_blocked, id=13244, stack(0x0000005041800000,0x0000005041900000)]
  0x00000167b45bf000 JavaThread "jar transforms Thread 728" [_thread_blocked, id=15576, stack(0x0000005041900000,0x0000005041a00000)]
  0x00000167b45be800 JavaThread "jar transforms Thread 729" [_thread_blocked, id=6056, stack(0x0000005041a00000,0x0000005041b00000)]
  0x00000167b45c0000 JavaThread "jar transforms Thread 730" [_thread_blocked, id=4200, stack(0x0000005041b00000,0x0000005041c00000)]
  0x00000167b45c5000 JavaThread "jar transforms Thread 731" [_thread_blocked, id=15932, stack(0x0000005041c00000,0x0000005041d00000)]
  0x00000167b45c5800 JavaThread "jar transforms Thread 732" [_thread_blocked, id=15236, stack(0x0000005041d00000,0x0000005041e00000)]
  0x00000167b45c6800 JavaThread "jar transforms Thread 733" [_thread_blocked, id=10048, stack(0x0000005041e00000,0x0000005041f00000)]
  0x00000167b45c7800 JavaThread "jar transforms Thread 734" [_thread_blocked, id=10104, stack(0x0000005041f00000,0x0000005042000000)]
  0x00000167b45c1800 JavaThread "jar transforms Thread 735" [_thread_blocked, id=2712, stack(0x0000005042000000,0x0000005042100000)]
  0x00000167b45c8000 JavaThread "jar transforms Thread 736" [_thread_blocked, id=5160, stack(0x0000005042100000,0x0000005042200000)]
  0x00000167b45ca800 JavaThread "jar transforms Thread 737" [_thread_blocked, id=860, stack(0x0000005042200000,0x0000005042300000)]
  0x00000167b45cb800 JavaThread "jar transforms Thread 738" [_thread_blocked, id=9040, stack(0x0000005042300000,0x0000005042400000)]
  0x00000167b45ca000 JavaThread "jar transforms Thread 739" [_thread_blocked, id=3236, stack(0x0000005042400000,0x0000005042500000)]
  0x00000167b45cc000 JavaThread "jar transforms Thread 740" [_thread_blocked, id=13740, stack(0x0000005042500000,0x0000005042600000)]
  0x00000167af653000 JavaThread "jar transforms Thread 741" [_thread_blocked, id=16176, stack(0x0000005042600000,0x0000005042700000)]
  0x00000167af659800 JavaThread "jar transforms Thread 742" [_thread_blocked, id=13584, stack(0x0000005042700000,0x0000005042800000)]
  0x00000167af655800 JavaThread "jar transforms Thread 743" [_thread_blocked, id=11684, stack(0x0000005042800000,0x0000005042900000)]
  0x00000167af654000 JavaThread "jar transforms Thread 744" [_thread_blocked, id=16068, stack(0x0000005042900000,0x0000005042a00000)]
  0x00000167af65d800 JavaThread "jar transforms Thread 745" [_thread_blocked, id=8552, stack(0x0000005042a00000,0x0000005042b00000)]
  0x00000167af658000 JavaThread "jar transforms Thread 746" [_thread_blocked, id=1332, stack(0x0000005042b00000,0x0000005042c00000)]
  0x00000167af65c000 JavaThread "jar transforms Thread 747" [_thread_blocked, id=12424, stack(0x0000005042c00000,0x0000005042d00000)]
  0x00000167af65a800 JavaThread "jar transforms Thread 748" [_thread_blocked, id=14528, stack(0x0000005042d00000,0x0000005042e00000)]
  0x00000167af65e800 JavaThread "jar transforms Thread 749" [_thread_blocked, id=6220, stack(0x0000005042e00000,0x0000005042f00000)]
  0x00000167af659000 JavaThread "jar transforms Thread 750" [_thread_blocked, id=6828, stack(0x0000005042f00000,0x0000005043000000)]
  0x00000167af65f800 JavaThread "jar transforms Thread 751" [_thread_blocked, id=12944, stack(0x0000005043000000,0x0000005043100000)]
  0x00000167af660000 JavaThread "jar transforms Thread 752" [_thread_blocked, id=14672, stack(0x0000005043100000,0x0000005043200000)]
  0x00000167af661000 JavaThread "jar transforms Thread 753" [_thread_blocked, id=9712, stack(0x0000005043200000,0x0000005043300000)]
  0x00000167b188c800 JavaThread "jar transforms Thread 754" [_thread_blocked, id=8352, stack(0x0000005043300000,0x0000005043400000)]
  0x00000167b188d800 JavaThread "jar transforms Thread 755" [_thread_blocked, id=11168, stack(0x0000005043400000,0x0000005043500000)]
  0x00000167b188f000 JavaThread "jar transforms Thread 756" [_thread_blocked, id=3760, stack(0x0000005043500000,0x0000005043600000)]
  0x00000167b188a000 JavaThread "jar transforms Thread 757" [_thread_blocked, id=13264, stack(0x0000005043600000,0x0000005043700000)]
  0x00000167b188b000 JavaThread "jar transforms Thread 758" [_thread_blocked, id=12276, stack(0x0000005043700000,0x0000005043800000)]
  0x00000167b1890000 JavaThread "jar transforms Thread 759" [_thread_blocked, id=13664, stack(0x0000005043800000,0x0000005043900000)]
  0x00000167b188c000 JavaThread "jar transforms Thread 760" [_thread_blocked, id=16192, stack(0x0000005043900000,0x0000005043a00000)]
  0x00000167b1892800 JavaThread "jar transforms Thread 761" [_thread_blocked, id=15828, stack(0x0000005043a00000,0x0000005043b00000)]
  0x00000167b188e800 JavaThread "jar transforms Thread 762" [_thread_blocked, id=13028, stack(0x0000005043b00000,0x0000005043c00000)]
  0x00000167b1894000 JavaThread "jar transforms Thread 763" [_thread_blocked, id=16052, stack(0x0000005043c00000,0x0000005043d00000)]
  0x00000167b1897800 JavaThread "jar transforms Thread 764" [_thread_blocked, id=10596, stack(0x0000005043d00000,0x0000005043e00000)]
  0x00000167b1893000 JavaThread "jar transforms Thread 765" [_thread_blocked, id=10376, stack(0x0000005043e00000,0x0000005043f00000)]
  0x00000167b1895000 JavaThread "jar transforms Thread 766" [_thread_blocked, id=4120, stack(0x0000005043f00000,0x0000005044000000)]
  0x00000167af779000 JavaThread "jar transforms Thread 767" [_thread_blocked, id=5328, stack(0x0000005044000000,0x0000005044100000)]
  0x00000167af77c000 JavaThread "jar transforms Thread 768" [_thread_blocked, id=14872, stack(0x0000005044100000,0x0000005044200000)]
  0x00000167af77a000 JavaThread "jar transforms Thread 769" [_thread_blocked, id=13900, stack(0x0000005044200000,0x0000005044300000)]
  0x00000167af778000 JavaThread "jar transforms Thread 770" [_thread_blocked, id=13388, stack(0x0000005044300000,0x0000005044400000)]
  0x00000167b004e800 JavaThread "jar transforms Thread 771" [_thread_blocked, id=14440, stack(0x0000005044400000,0x0000005044500000)]
  0x00000167b0048800 JavaThread "jar transforms Thread 772" [_thread_blocked, id=3892, stack(0x0000005044500000,0x0000005044600000)]
  0x00000167b0049800 JavaThread "jar transforms Thread 773" [_thread_blocked, id=5324, stack(0x0000005044600000,0x0000005044700000)]
  0x00000167b004d800 JavaThread "jar transforms Thread 774" [_thread_blocked, id=9904, stack(0x0000005044700000,0x0000005044800000)]
  0x00000167b004f000 JavaThread "jar transforms Thread 775" [_thread_blocked, id=7644, stack(0x0000005044800000,0x0000005044900000)]
  0x00000167b004b000 JavaThread "jar transforms Thread 776" [_thread_blocked, id=9740, stack(0x0000005044900000,0x0000005044a00000)]
  0x00000167b004d000 JavaThread "jar transforms Thread 777" [_thread_blocked, id=8104, stack(0x0000005044a00000,0x0000005044b00000)]
  0x00000167b0050000 JavaThread "jar transforms Thread 778" [_thread_blocked, id=8936, stack(0x0000005044b00000,0x0000005044c00000)]
  0x00000167b004a800 JavaThread "jar transforms Thread 779" [_thread_blocked, id=6196, stack(0x0000005044c00000,0x0000005044d00000)]
  0x00000167b0051000 JavaThread "jar transforms Thread 780" [_thread_blocked, id=4736, stack(0x0000005044d00000,0x0000005044e00000)]
  0x00000167b004c000 JavaThread "jar transforms Thread 781" [_thread_blocked, id=9664, stack(0x0000005044e00000,0x0000005044f00000)]
  0x00000167b0052800 JavaThread "jar transforms Thread 782" [_thread_blocked, id=9444, stack(0x0000005044f00000,0x0000005045000000)]
  0x00000167b0055000 JavaThread "jar transforms Thread 783" [_thread_blocked, id=10164, stack(0x0000005045000000,0x0000005045100000)]
  0x00000167b0056800 JavaThread "jar transforms Thread 784" [_thread_blocked, id=12904, stack(0x0000005045100000,0x0000005045200000)]
  0x00000167b0053800 JavaThread "jar transforms Thread 785" [_thread_blocked, id=15756, stack(0x0000005045200000,0x0000005045300000)]
  0x00000167b0054000 JavaThread "jar transforms Thread 786" [_thread_blocked, id=8780, stack(0x0000005045300000,0x0000005045400000)]
  0x00000167b0057800 JavaThread "jar transforms Thread 787" [_thread_blocked, id=9572, stack(0x0000005045400000,0x0000005045500000)]
  0x00000167b0056000 JavaThread "jar transforms Thread 788" [_thread_blocked, id=11628, stack(0x0000005045500000,0x0000005045600000)]
  0x00000167b0051800 JavaThread "jar transforms Thread 789" [_thread_blocked, id=2532, stack(0x0000005045600000,0x0000005045700000)]
  0x00000167b2334000 JavaThread "jar transforms Thread 790" [_thread_blocked, id=6396, stack(0x0000005045700000,0x0000005045800000)]
  0x00000167b2334800 JavaThread "jar transforms Thread 791" [_thread_blocked, id=7200, stack(0x0000005045800000,0x0000005045900000)]
  0x00000167b2333000 JavaThread "jar transforms Thread 792" [_thread_blocked, id=3368, stack(0x0000005045900000,0x0000005045a00000)]
  0x00000167b2339000 JavaThread "jar transforms Thread 793" [_thread_blocked, id=3292, stack(0x0000005045a00000,0x0000005045b00000)]
  0x00000167b2339800 JavaThread "jar transforms Thread 794" [_thread_blocked, id=7492, stack(0x0000005045b00000,0x0000005045c00000)]
  0x00000167b233a800 JavaThread "jar transforms Thread 795" [_thread_blocked, id=4940, stack(0x0000005045c00000,0x0000005045d00000)]
  0x00000167b2337000 JavaThread "jar transforms Thread 796" [_thread_blocked, id=13424, stack(0x0000005045d00000,0x0000005045e00000)]
  0x00000167b2336800 JavaThread "jar transforms Thread 797" [_thread_blocked, id=14312, stack(0x0000005045e00000,0x0000005045f00000)]
  0x00000167b233b000 JavaThread "jar transforms Thread 798" [_thread_blocked, id=13160, stack(0x0000005045f00000,0x0000005046000000)]
  0x00000167b2335800 JavaThread "jar transforms Thread 799" [_thread_blocked, id=10752, stack(0x0000005046000000,0x0000005046100000)]
  0x00000167b233c000 JavaThread "jar transforms Thread 800" [_thread_blocked, id=10524, stack(0x0000005046100000,0x0000005046200000)]
  0x00000167b233d000 JavaThread "jar transforms Thread 801" [_thread_blocked, id=9252, stack(0x0000005046200000,0x0000005046300000)]
  0x00000167b233d800 JavaThread "jar transforms Thread 802" [_thread_blocked, id=14024, stack(0x0000005046300000,0x0000005046400000)]
  0x00000167b2338000 JavaThread "jar transforms Thread 803" [_thread_blocked, id=2668, stack(0x0000005046400000,0x0000005046500000)]
  0x00000167b233e800 JavaThread "jar transforms Thread 804" [_thread_blocked, id=14536, stack(0x0000005046500000,0x0000005046600000)]
  0x00000167b233f800 JavaThread "jar transforms Thread 805" [_thread_blocked, id=1784, stack(0x0000005046600000,0x0000005046700000)]
  0x00000167b2342000 JavaThread "jar transforms Thread 806" [_thread_blocked, id=1688, stack(0x0000005046700000,0x0000005046800000)]
  0x00000167b2340000 JavaThread "jar transforms Thread 807" [_thread_blocked, id=11672, stack(0x0000005046800000,0x0000005046900000)]
  0x00000167b2341000 JavaThread "jar transforms Thread 808" [_thread_blocked, id=12076, stack(0x0000005046900000,0x0000005046a00000)]
  0x00000167b7b03800 JavaThread "jar transforms Thread 809" [_thread_blocked, id=1496, stack(0x0000005046a00000,0x0000005046b00000)]
  0x00000167b7b07800 JavaThread "jar transforms Thread 810" [_thread_blocked, id=12432, stack(0x0000005046b00000,0x0000005046c00000)]
  0x00000167b7b05800 JavaThread "jar transforms Thread 811" [_thread_blocked, id=7004, stack(0x0000005046c00000,0x0000005046d00000)]
  0x00000167b7b09000 JavaThread "jar transforms Thread 812" [_thread_blocked, id=5340, stack(0x0000005046d00000,0x0000005046e00000)]
  0x00000167b7b05000 JavaThread "jar transforms Thread 813" [_thread_blocked, id=8816, stack(0x0000005046e00000,0x0000005046f00000)]
  0x00000167b7b06800 JavaThread "jar transforms Thread 814" [_thread_blocked, id=16156, stack(0x0000005046f00000,0x0000005047000000)]
  0x00000167b7b08000 JavaThread "jar transforms Thread 815" [_thread_blocked, id=8484, stack(0x0000005047000000,0x0000005047100000)]
  0x00000167b7b0a000 JavaThread "jar transforms Thread 816" [_thread_blocked, id=14296, stack(0x0000005047100000,0x0000005047200000)]
  0x00000167b7b04000 JavaThread "jar transforms Thread 817" [_thread_blocked, id=14964, stack(0x0000005047200000,0x0000005047300000)]
  0x00000167b7b0b800 JavaThread "jar transforms Thread 818" [_thread_blocked, id=6084, stack(0x0000005047300000,0x0000005047400000)]
  0x00000167b7b0e800 JavaThread "jar transforms Thread 819" [_thread_blocked, id=8528, stack(0x0000005047400000,0x0000005047500000)]
  0x00000167b7b10800 JavaThread "build event listener" [_thread_blocked, id=4860, stack(0x0000005047500000,0x0000005047600000)]
  0x00000167b7b0c000 JavaThread "build event listener" [_thread_blocked, id=13620, stack(0x0000005047600000,0x0000005047700000)]
  0x00000167b7b0f800 JavaThread "Execution worker for ':'" [_thread_blocked, id=224, stack(0x0000005047800000,0x0000005047900000)]
  0x00000167b7b0d000 JavaThread "Execution worker for ':' Thread 2" [_thread_blocked, id=13972, stack(0x0000005047900000,0x0000005047a00000)]
  0x00000167b7b0e000 JavaThread "Execution worker for ':' Thread 3" [_thread_blocked, id=14572, stack(0x0000005047b00000,0x0000005047c00000)]
  0x00000167b7b0a800 JavaThread "Cache worker for execution history cache (E:\SecurityApp\.gradle\6.7.1\executionHistory)" [_thread_blocked, id=14904, stack(0x0000005047c00000,0x0000005047d00000)]

Other Threads:
  0x00000167aeca8000 VMThread "VM Thread" [stack: 0x000000503da00000,0x000000503db00000] [id=9464]
  0x00000167af7de000 WatcherThread [stack: 0x000000503e400000,0x000000503e500000] [id=3900]
  0x0000016793305000 GCTaskThread "GC Thread#0" [stack: 0x000000503d500000,0x000000503d600000] [id=11776]
  0x00000167b002e800 GCTaskThread "GC Thread#1" [stack: 0x000000503e500000,0x000000503e600000] [id=4520]
  0x00000167b1130000 GCTaskThread "GC Thread#2" [stack: 0x000000503f200000,0x000000503f300000] [id=5988]
  0x00000167afd16000 GCTaskThread "GC Thread#3" [stack: 0x000000503f300000,0x000000503f400000] [id=11552]
  0x0000016793336000 ConcurrentGCThread "G1 Main Marker" [stack: 0x000000503d600000,0x000000503d700000] [id=14012]
  0x0000016793337000 ConcurrentGCThread "G1 Conc#0" [stack: 0x000000503d700000,0x000000503d800000] [id=10648]
  0x0000016793392000 ConcurrentGCThread "G1 Refine#0" [stack: 0x000000503d800000,0x000000503d900000] [id=10760]
  0x00000167b2216000 ConcurrentGCThread "G1 Refine#1" [stack: 0x0000005047a00000,0x0000005047b00000] [id=15624]
  0x00000167b7c4a800 ConcurrentGCThread "G1 Refine#2" [stack: 0x000000503d100000,0x000000503d200000] [id=14940]
  0x00000167b7cee800 ConcurrentGCThread "G1 Refine#3" [stack: 0x000000503e700000,0x000000503e800000] [id=3832]
  0x0000016793393000 ConcurrentGCThread "G1 Young RemSet Sampling" [stack: 0x000000503d900000,0x000000503da00000] [id=15416]

Threads with active compile tasks:
C2 CompilerThread0 907373 23244       4       org.gradle.internal.execution.history.changes.DefaultExecutionStateChangeDetector::detectChanges (337 bytes)

VM state:not at safepoint (normal execution)

VM Mutex/Monitor currently owned by a thread: None

Heap address: 0x0000000080000000, size: 2048 MB, Compressed Oops mode: 32-bit
Narrow klass base: 0x0000000000000000, Narrow klass shift: 3
Compressed class space size: 1073741824 Address: 0x0000000100000000

Heap:
 garbage-first heap   total 294912K, used 193862K [0x0000000080000000, 0x0000000100000000)
  region size 1024K, 48 young (49152K), 5 survivors (5120K)
 Metaspace       used 123254K, capacity 126674K, committed 126848K, reserved 1159168K
  class space    used 15231K, capacity 16495K, committed 16512K, reserved 1048576K
Heap Regions: E=young(eden), S=young(survivor), O=old, HS=humongous(starts), HC=humongous(continues), CS=collection set, F=free, A=archive, TAMS=top-at-mark-start (previous, next)
|   0|0x0000000080000000, 0x0000000080100000, 0x0000000080100000|100%| O|  |TAMS 0x0000000080100000, 0x0000000080100000| Untracked 
|   1|0x0000000080100000, 0x0000000080200000, 0x0000000080200000|100%| O|  |TAMS 0x0000000080200000, 0x0000000080200000| Untracked 
|   2|0x0000000080200000, 0x0000000080300000, 0x0000000080300000|100%| O|  |TAMS 0x0000000080300000, 0x0000000080300000| Untracked 
|   3|0x0000000080300000, 0x0000000080400000, 0x0000000080400000|100%|HS|  |TAMS 0x0000000080400000, 0x0000000080400000| Complete 
|   4|0x0000000080400000, 0x0000000080500000, 0x0000000080500000|100%|HC|  |TAMS 0x0000000080500000, 0x0000000080500000| Complete 
|   5|0x0000000080500000, 0x0000000080600000, 0x0000000080600000|100%|HC|  |TAMS 0x0000000080600000, 0x0000000080600000| Complete 
|   6|0x0000000080600000, 0x0000000080700000, 0x0000000080700000|100%| O|  |TAMS 0x0000000080700000, 0x0000000080700000| Untracked 
|   7|0x0000000080700000, 0x0000000080800000, 0x0000000080800000|100%| O|  |TAMS 0x0000000080800000, 0x0000000080800000| Untracked 
|   8|0x0000000080800000, 0x0000000080900000, 0x0000000080900000|100%| O|  |TAMS 0x0000000080900000, 0x0000000080900000| Untracked 
|   9|0x0000000080900000, 0x0000000080a00000, 0x0000000080a00000|100%| O|  |TAMS 0x0000000080a00000, 0x0000000080a00000| Untracked 
|  10|0x0000000080a00000, 0x0000000080b00000, 0x0000000080b00000|100%| O|  |TAMS 0x0000000080b00000, 0x0000000080b00000| Untracked 
|  11|0x0000000080b00000, 0x0000000080c00000, 0x0000000080c00000|100%| O|  |TAMS 0x0000000080c00000, 0x0000000080c00000| Untracked 
|  12|0x0000000080c00000, 0x0000000080d00000, 0x0000000080d00000|100%| O|  |TAMS 0x0000000080d00000, 0x0000000080d00000| Untracked 
|  13|0x0000000080d00000, 0x0000000080e00000, 0x0000000080e00000|100%| O|  |TAMS 0x0000000080e00000, 0x0000000080e00000| Untracked 
|  14|0x0000000080e00000, 0x0000000080f00000, 0x0000000080f00000|100%| O|  |TAMS 0x0000000080f00000, 0x0000000080f00000| Untracked 
|  15|0x0000000080f00000, 0x0000000081000000, 0x0000000081000000|100%| O|  |TAMS 0x0000000081000000, 0x0000000081000000| Untracked 
|  16|0x0000000081000000, 0x0000000081100000, 0x0000000081100000|100%| O|  |TAMS 0x0000000081100000, 0x0000000081100000| Untracked 
|  17|0x0000000081100000, 0x0000000081200000, 0x0000000081200000|100%| O|  |TAMS 0x0000000081200000, 0x0000000081200000| Untracked 
|  18|0x0000000081200000, 0x0000000081300000, 0x0000000081300000|100%| O|  |TAMS 0x0000000081300000, 0x0000000081300000| Untracked 
|  19|0x0000000081300000, 0x0000000081400000, 0x0000000081400000|100%| O|  |TAMS 0x0000000081400000, 0x0000000081400000| Untracked 
|  20|0x0000000081400000, 0x0000000081500000, 0x0000000081500000|100%| O|  |TAMS 0x0000000081500000, 0x0000000081500000| Untracked 
|  21|0x0000000081500000, 0x0000000081600000, 0x0000000081600000|100%| O|  |TAMS 0x0000000081600000, 0x0000000081600000| Untracked 
|  22|0x0000000081600000, 0x0000000081700000, 0x0000000081700000|100%| O|  |TAMS 0x0000000081700000, 0x0000000081700000| Untracked 
|  23|0x0000000081700000, 0x0000000081800000, 0x0000000081800000|100%| O|  |TAMS 0x0000000081800000, 0x0000000081800000| Untracked 
|  24|0x0000000081800000, 0x0000000081900000, 0x0000000081900000|100%| O|  |TAMS 0x0000000081900000, 0x0000000081900000| Untracked 
|  25|0x0000000081900000, 0x0000000081a00000, 0x0000000081a00000|100%|HS|  |TAMS 0x0000000081a00000, 0x0000000081a00000| Complete 
|  26|0x0000000081a00000, 0x0000000081b00000, 0x0000000081b00000|100%|HS|  |TAMS 0x0000000081b00000, 0x0000000081b00000| Complete 
|  27|0x0000000081b00000, 0x0000000081c00000, 0x0000000081c00000|100%|HC|  |TAMS 0x0000000081c00000, 0x0000000081c00000| Complete 
|  28|0x0000000081c00000, 0x0000000081d00000, 0x0000000081d00000|100%|HC|  |TAMS 0x0000000081d00000, 0x0000000081d00000| Complete 
|  29|0x0000000081d00000, 0x0000000081e00000, 0x0000000081e00000|100%| O|  |TAMS 0x0000000081e00000, 0x0000000081e00000| Untracked 
|  30|0x0000000081e00000, 0x0000000081f00000, 0x0000000081f00000|100%| O|  |TAMS 0x0000000081f00000, 0x0000000081f00000| Untracked 
|  31|0x0000000081f00000, 0x0000000082000000, 0x0000000082000000|100%| O|  |TAMS 0x0000000082000000, 0x0000000082000000| Untracked 
|  32|0x0000000082000000, 0x0000000082100000, 0x0000000082100000|100%| O|  |TAMS 0x0000000082100000, 0x0000000082100000| Untracked 
|  33|0x0000000082100000, 0x0000000082200000, 0x0000000082200000|100%| O|  |TAMS 0x0000000082100000, 0x0000000082200000| Untracked 
|  34|0x0000000082200000, 0x0000000082251a00, 0x0000000082300000| 31%| O|  |TAMS 0x0000000082200000, 0x0000000082251a00| Untracked 
|  35|0x0000000082300000, 0x0000000082400000, 0x0000000082400000|100%| O|  |TAMS 0x0000000082400000, 0x0000000082400000| Untracked 
|  36|0x0000000082400000, 0x0000000082500000, 0x0000000082500000|100%| O|  |TAMS 0x0000000082500000, 0x0000000082500000| Untracked 
|  37|0x0000000082500000, 0x0000000082600000, 0x0000000082600000|100%| O|  |TAMS 0x0000000082600000, 0x0000000082600000| Untracked 
|  38|0x0000000082600000, 0x0000000082700000, 0x0000000082700000|100%| O|  |TAMS 0x0000000082700000, 0x0000000082700000| Untracked 
|  39|0x0000000082700000, 0x0000000082800000, 0x0000000082800000|100%| O|  |TAMS 0x0000000082700000, 0x0000000082800000| Untracked 
|  40|0x0000000082800000, 0x0000000082900000, 0x0000000082900000|100%| O|  |TAMS 0x0000000082900000, 0x0000000082900000| Untracked 
|  41|0x0000000082900000, 0x0000000082a00000, 0x0000000082a00000|100%|HS|  |TAMS 0x0000000082a00000, 0x0000000082a00000| Complete 
|  42|0x0000000082a00000, 0x0000000082b00000, 0x0000000082b00000|100%|HC|  |TAMS 0x0000000082b00000, 0x0000000082b00000| Complete 
|  43|0x0000000082b00000, 0x0000000082c00000, 0x0000000082c00000|100%| O|  |TAMS 0x0000000082c00000, 0x0000000082c00000| Untracked 
|  44|0x0000000082c00000, 0x0000000082d00000, 0x0000000082d00000|100%| O|  |TAMS 0x0000000082d00000, 0x0000000082d00000| Untracked 
|  45|0x0000000082d00000, 0x0000000082e00000, 0x0000000082e00000|100%| O|  |TAMS 0x0000000082d00000, 0x0000000082e00000| Untracked 
|  46|0x0000000082e00000, 0x0000000082f00000, 0x0000000082f00000|100%| O|  |TAMS 0x0000000082e00000, 0x0000000082f00000| Untracked 
|  47|0x0000000082f00000, 0x0000000083000000, 0x0000000083000000|100%| O|  |TAMS 0x0000000083000000, 0x0000000083000000| Untracked 
|  48|0x0000000083000000, 0x0000000083100000, 0x0000000083100000|100%| O|  |TAMS 0x0000000083100000, 0x0000000083100000| Untracked 
|  49|0x0000000083100000, 0x0000000083200000, 0x0000000083200000|100%| O|  |TAMS 0x0000000083200000, 0x0000000083200000| Untracked 
|  50|0x0000000083200000, 0x0000000083300000, 0x0000000083300000|100%| O|  |TAMS 0x0000000083300000, 0x0000000083300000| Untracked 
|  51|0x0000000083300000, 0x0000000083400000, 0x0000000083400000|100%| O|  |TAMS 0x0000000083400000, 0x0000000083400000| Untracked 
|  52|0x0000000083400000, 0x0000000083500000, 0x0000000083500000|100%| O|  |TAMS 0x0000000083500000, 0x0000000083500000| Untracked 
|  53|0x0000000083500000, 0x0000000083600000, 0x0000000083600000|100%| O|  |TAMS 0x0000000083600000, 0x0000000083600000| Untracked 
|  54|0x0000000083600000, 0x0000000083700000, 0x0000000083700000|100%| O|  |TAMS 0x0000000083700000, 0x0000000083700000| Untracked 
|  55|0x0000000083700000, 0x0000000083800000, 0x0000000083800000|100%| O|  |TAMS 0x0000000083800000, 0x0000000083800000| Untracked 
|  56|0x0000000083800000, 0x0000000083900000, 0x0000000083900000|100%| O|  |TAMS 0x0000000083900000, 0x0000000083900000| Untracked 
|  57|0x0000000083900000, 0x0000000083a00000, 0x0000000083a00000|100%| O|  |TAMS 0x0000000083a00000, 0x0000000083a00000| Untracked 
|  58|0x0000000083a00000, 0x0000000083b00000, 0x0000000083b00000|100%| O|  |TAMS 0x0000000083b00000, 0x0000000083b00000| Untracked 
|  59|0x0000000083b00000, 0x0000000083c00000, 0x0000000083c00000|100%| O|  |TAMS 0x0000000083c00000, 0x0000000083c00000| Untracked 
|  60|0x0000000083c00000, 0x0000000083d00000, 0x0000000083d00000|100%| O|  |TAMS 0x0000000083d00000, 0x0000000083d00000| Untracked 
|  61|0x0000000083d00000, 0x0000000083e00000, 0x0000000083e00000|100%| O|  |TAMS 0x0000000083e00000, 0x0000000083e00000| Untracked 
|  62|0x0000000083e00000, 0x0000000083f00000, 0x0000000083f00000|100%| O|  |TAMS 0x0000000083e00000, 0x0000000083f00000| Untracked 
|  63|0x0000000083f00000, 0x0000000084000000, 0x0000000084000000|100%| O|  |TAMS 0x0000000084000000, 0x0000000084000000| Untracked 
|  64|0x0000000084000000, 0x0000000084100000, 0x0000000084100000|100%| O|  |TAMS 0x0000000084100000, 0x0000000084100000| Untracked 
|  65|0x0000000084100000, 0x0000000084200000, 0x0000000084200000|100%| O|  |TAMS 0x0000000084100000, 0x0000000084200000| Untracked 
|  66|0x0000000084200000, 0x0000000084300000, 0x0000000084300000|100%| O|  |TAMS 0x0000000084300000, 0x0000000084300000| Untracked 
|  67|0x0000000084300000, 0x0000000084400000, 0x0000000084400000|100%| O|  |TAMS 0x0000000084400000, 0x0000000084400000| Untracked 
|  68|0x0000000084400000, 0x0000000084500000, 0x0000000084500000|100%| O|  |TAMS 0x0000000084500000, 0x0000000084500000| Untracked 
|  69|0x0000000084500000, 0x0000000084600000, 0x0000000084600000|100%| O|  |TAMS 0x0000000084600000, 0x0000000084600000| Untracked 
|  70|0x0000000084600000, 0x0000000084700000, 0x0000000084700000|100%| O|  |TAMS 0x0000000084700000, 0x0000000084700000| Untracked 
|  71|0x0000000084700000, 0x0000000084800000, 0x0000000084800000|100%| O|  |TAMS 0x0000000084800000, 0x0000000084800000| Untracked 
|  72|0x0000000084800000, 0x0000000084900000, 0x0000000084900000|100%| O|  |TAMS 0x0000000084900000, 0x0000000084900000| Untracked 
|  73|0x0000000084900000, 0x0000000084a00000, 0x0000000084a00000|100%| O|  |TAMS 0x0000000084a00000, 0x0000000084a00000| Untracked 
|  74|0x0000000084a00000, 0x0000000084b00000, 0x0000000084b00000|100%| O|  |TAMS 0x0000000084a00000, 0x0000000084b00000| Untracked 
|  75|0x0000000084b00000, 0x0000000084c00000, 0x0000000084c00000|100%| O|  |TAMS 0x0000000084c00000, 0x0000000084c00000| Untracked 
|  76|0x0000000084c00000, 0x0000000084c00000, 0x0000000084d00000|  0%| F|  |TAMS 0x0000000084c00000, 0x0000000084c00000| Untracked 
|  77|0x0000000084d00000, 0x0000000084e00000, 0x0000000084e00000|100%| O|  |TAMS 0x0000000084e00000, 0x0000000084e00000| Untracked 
|  78|0x0000000084e00000, 0x0000000084f00000, 0x0000000084f00000|100%| O|  |TAMS 0x0000000084f00000, 0x0000000084f00000| Untracked 
|  79|0x0000000084f00000, 0x0000000085000000, 0x0000000085000000|100%| O|  |TAMS 0x0000000085000000, 0x0000000085000000| Untracked 
|  80|0x0000000085000000, 0x0000000085100000, 0x0000000085100000|100%| O|  |TAMS 0x0000000085100000, 0x0000000085100000| Untracked 
|  81|0x0000000085100000, 0x0000000085100000, 0x0000000085200000|  0%| F|  |TAMS 0x0000000085100000, 0x0000000085100000| Untracked 
|  82|0x0000000085200000, 0x0000000085200000, 0x0000000085300000|  0%| F|  |TAMS 0x0000000085200000, 0x0000000085200000| Untracked 
|  83|0x0000000085300000, 0x0000000085300000, 0x0000000085400000|  0%| F|  |TAMS 0x0000000085300000, 0x0000000085300000| Untracked 
|  84|0x0000000085400000, 0x0000000085500000, 0x0000000085500000|100%| O|  |TAMS 0x0000000085400000, 0x0000000085500000| Untracked 
|  85|0x0000000085500000, 0x0000000085600000, 0x0000000085600000|100%| O|  |TAMS 0x0000000085500000, 0x0000000085600000| Untracked 
|  86|0x0000000085600000, 0x0000000085700000, 0x0000000085700000|100%| O|  |TAMS 0x0000000085700000, 0x0000000085700000| Untracked 
|  87|0x0000000085700000, 0x0000000085800000, 0x0000000085800000|100%| O|  |TAMS 0x0000000085800000, 0x0000000085800000| Untracked 
|  88|0x0000000085800000, 0x0000000085900000, 0x0000000085900000|100%| O|  |TAMS 0x0000000085900000, 0x0000000085900000| Untracked 
|  89|0x0000000085900000, 0x0000000085a00000, 0x0000000085a00000|100%| O|  |TAMS 0x0000000085a00000, 0x0000000085a00000| Untracked 
|  90|0x0000000085a00000, 0x0000000085b00000, 0x0000000085b00000|100%| O|  |TAMS 0x0000000085b00000, 0x0000000085b00000| Untracked 
|  91|0x0000000085b00000, 0x0000000085c00000, 0x0000000085c00000|100%| O|  |TAMS 0x0000000085c00000, 0x0000000085c00000| Untracked 
|  92|0x0000000085c00000, 0x0000000085d00000, 0x0000000085d00000|100%| O|  |TAMS 0x0000000085d00000, 0x0000000085d00000| Untracked 
|  93|0x0000000085d00000, 0x0000000085e00000, 0x0000000085e00000|100%| O|  |TAMS 0x0000000085e00000, 0x0000000085e00000| Untracked 
|  94|0x0000000085e00000, 0x0000000085f00000, 0x0000000085f00000|100%| O|  |TAMS 0x0000000085f00000, 0x0000000085f00000| Untracked 
|  95|0x0000000085f00000, 0x0000000086000000, 0x0000000086000000|100%| O|  |TAMS 0x0000000086000000, 0x0000000086000000| Untracked 
|  96|0x0000000086000000, 0x0000000086100000, 0x0000000086100000|100%| O|  |TAMS 0x0000000086100000, 0x0000000086100000| Untracked 
|  97|0x0000000086100000, 0x0000000086200000, 0x0000000086200000|100%| O|  |TAMS 0x0000000086200000, 0x0000000086200000| Untracked 
|  98|0x0000000086200000, 0x0000000086300000, 0x0000000086300000|100%| O|  |TAMS 0x0000000086300000, 0x0000000086300000| Untracked 
|  99|0x0000000086300000, 0x0000000086400000, 0x0000000086400000|100%| O|  |TAMS 0x0000000086400000, 0x0000000086400000| Untracked 
| 100|0x0000000086400000, 0x0000000086500000, 0x0000000086500000|100%| O|  |TAMS 0x0000000086500000, 0x0000000086500000| Untracked 
| 101|0x0000000086500000, 0x0000000086500000, 0x0000000086600000|  0%| F|  |TAMS 0x0000000086500000, 0x0000000086500000| Untracked 
| 102|0x0000000086600000, 0x0000000086700000, 0x0000000086700000|100%| O|  |TAMS 0x0000000086700000, 0x0000000086700000| Untracked 
| 103|0x0000000086700000, 0x0000000086800000, 0x0000000086800000|100%| O|  |TAMS 0x0000000086800000, 0x0000000086800000| Untracked 
| 104|0x0000000086800000, 0x0000000086900000, 0x0000000086900000|100%| O|  |TAMS 0x0000000086900000, 0x0000000086900000| Untracked 
| 105|0x0000000086900000, 0x0000000086a00000, 0x0000000086a00000|100%| O|  |TAMS 0x0000000086a00000, 0x0000000086a00000| Untracked 
| 106|0x0000000086a00000, 0x0000000086b00000, 0x0000000086b00000|100%| O|  |TAMS 0x0000000086b00000, 0x0000000086b00000| Untracked 
| 107|0x0000000086b00000, 0x0000000086c00000, 0x0000000086c00000|100%| O|  |TAMS 0x0000000086c00000, 0x0000000086c00000| Untracked 
| 108|0x0000000086c00000, 0x0000000086c00000, 0x0000000086d00000|  0%| F|  |TAMS 0x0000000086c00000, 0x0000000086c00000| Untracked 
| 109|0x0000000086d00000, 0x0000000086e00000, 0x0000000086e00000|100%| O|  |TAMS 0x0000000086e00000, 0x0000000086e00000| Untracked 
| 110|0x0000000086e00000, 0x0000000086e00000, 0x0000000086f00000|  0%| F|  |TAMS 0x0000000086e00000, 0x0000000086e00000| Untracked 
| 111|0x0000000086f00000, 0x0000000087000000, 0x0000000087000000|100%| O|  |TAMS 0x0000000087000000, 0x0000000087000000| Untracked 
| 112|0x0000000087000000, 0x0000000087100000, 0x0000000087100000|100%| O|  |TAMS 0x0000000087100000, 0x0000000087100000| Untracked 
| 113|0x0000000087100000, 0x0000000087200000, 0x0000000087200000|100%| O|  |TAMS 0x0000000087200000, 0x0000000087200000| Untracked 
| 114|0x0000000087200000, 0x0000000087300000, 0x0000000087300000|100%| O|  |TAMS 0x0000000087300000, 0x0000000087300000| Untracked 
| 115|0x0000000087300000, 0x0000000087300000, 0x0000000087400000|  0%| F|  |TAMS 0x0000000087300000, 0x0000000087300000| Untracked 
| 116|0x0000000087400000, 0x0000000087500000, 0x0000000087500000|100%| O|  |TAMS 0x0000000087400000, 0x0000000087500000| Untracked 
| 117|0x0000000087500000, 0x0000000087600000, 0x0000000087600000|100%| O|  |TAMS 0x0000000087500000, 0x0000000087600000| Untracked 
| 118|0x0000000087600000, 0x0000000087600000, 0x0000000087700000|  0%| F|  |TAMS 0x0000000087600000, 0x0000000087600000| Untracked 
| 119|0x0000000087700000, 0x0000000087700000, 0x0000000087800000|  0%| F|  |TAMS 0x0000000087700000, 0x0000000087700000| Untracked 
| 120|0x0000000087800000, 0x0000000087800000, 0x0000000087900000|  0%| F|  |TAMS 0x0000000087800000, 0x0000000087800000| Untracked 
| 121|0x0000000087900000, 0x0000000087a00000, 0x0000000087a00000|100%| O|  |TAMS 0x000000008793d800, 0x0000000087a00000| Untracked 
| 122|0x0000000087a00000, 0x0000000087b00000, 0x0000000087b00000|100%| O|  |TAMS 0x0000000087a00000, 0x0000000087b00000| Untracked 
| 123|0x0000000087b00000, 0x0000000087c00000, 0x0000000087c00000|100%| O|  |TAMS 0x0000000087b00000, 0x0000000087c00000| Untracked 
| 124|0x0000000087c00000, 0x0000000087d00000, 0x0000000087d00000|100%| O|  |TAMS 0x0000000087c00000, 0x0000000087d00000| Untracked 
| 125|0x0000000087d00000, 0x0000000087e00000, 0x0000000087e00000|100%| O|  |TAMS 0x0000000087d00000, 0x0000000087e00000| Untracked 
| 126|0x0000000087e00000, 0x0000000087f00000, 0x0000000087f00000|100%| O|  |TAMS 0x0000000087e00000, 0x0000000087f00000| Untracked 
| 127|0x0000000087f00000, 0x0000000088000000, 0x0000000088000000|100%| O|  |TAMS 0x0000000087f00000, 0x0000000088000000| Untracked 
| 128|0x0000000088000000, 0x0000000088100000, 0x0000000088100000|100%| O|  |TAMS 0x0000000088000000, 0x0000000088100000| Untracked 
| 129|0x0000000088100000, 0x0000000088200000, 0x0000000088200000|100%| O|  |TAMS 0x0000000088100000, 0x0000000088200000| Untracked 
| 130|0x0000000088200000, 0x0000000088300000, 0x0000000088300000|100%| O|  |TAMS 0x0000000088200000, 0x0000000088300000| Untracked 
| 131|0x0000000088300000, 0x0000000088400000, 0x0000000088400000|100%| O|  |TAMS 0x0000000088400000, 0x0000000088400000| Untracked 
| 132|0x0000000088400000, 0x0000000088500000, 0x0000000088500000|100%| O|  |TAMS 0x0000000088500000, 0x0000000088500000| Untracked 
| 133|0x0000000088500000, 0x0000000088600000, 0x0000000088600000|100%| O|  |TAMS 0x0000000088600000, 0x0000000088600000| Untracked 
| 134|0x0000000088600000, 0x0000000088700000, 0x0000000088700000|100%| O|  |TAMS 0x0000000088600000, 0x0000000088700000| Untracked 
| 135|0x0000000088700000, 0x0000000088800000, 0x0000000088800000|100%| O|  |TAMS 0x0000000088700000, 0x0000000088800000| Untracked 
| 136|0x0000000088800000, 0x0000000088800000, 0x0000000088900000|  0%| F|  |TAMS 0x0000000088800000, 0x0000000088800000| Untracked 
| 137|0x0000000088900000, 0x0000000088a00000, 0x0000000088a00000|100%| O|  |TAMS 0x0000000088900000, 0x0000000088a00000| Untracked 
| 138|0x0000000088a00000, 0x0000000088b00000, 0x0000000088b00000|100%| O|  |TAMS 0x0000000088a00000, 0x0000000088b00000| Untracked 
| 139|0x0000000088b00000, 0x0000000088c00000, 0x0000000088c00000|100%| O|  |TAMS 0x0000000088b00000, 0x0000000088c00000| Untracked 
| 140|0x0000000088c00000, 0x0000000088d00000, 0x0000000088d00000|100%| O|  |TAMS 0x0000000088c00000, 0x0000000088d00000| Untracked 
| 141|0x0000000088d00000, 0x0000000088e00000, 0x0000000088e00000|100%| O|  |TAMS 0x0000000088d00000, 0x0000000088e00000| Untracked 
| 142|0x0000000088e00000, 0x0000000088f00000, 0x0000000088f00000|100%| O|  |TAMS 0x0000000088e00000, 0x0000000088f00000| Untracked 
| 143|0x0000000088f00000, 0x0000000089000000, 0x0000000089000000|100%| O|  |TAMS 0x0000000088f00000, 0x0000000089000000| Untracked 
| 144|0x0000000089000000, 0x0000000089100000, 0x0000000089100000|100%| O|  |TAMS 0x0000000089000000, 0x0000000089100000| Untracked 
| 145|0x0000000089100000, 0x0000000089200000, 0x0000000089200000|100%| O|  |TAMS 0x0000000089100000, 0x0000000089200000| Untracked 
| 146|0x0000000089200000, 0x0000000089300000, 0x0000000089300000|100%| O|  |TAMS 0x0000000089200000, 0x0000000089300000| Untracked 
| 147|0x0000000089300000, 0x0000000089400000, 0x0000000089400000|100%| O|  |TAMS 0x0000000089300000, 0x0000000089400000| Untracked 
| 148|0x0000000089400000, 0x0000000089500000, 0x0000000089500000|100%| O|  |TAMS 0x0000000089400000, 0x0000000089500000| Untracked 
| 149|0x0000000089500000, 0x0000000089600000, 0x0000000089600000|100%| O|  |TAMS 0x0000000089500000, 0x0000000089600000| Untracked 
| 150|0x0000000089600000, 0x0000000089700000, 0x0000000089700000|100%| O|  |TAMS 0x0000000089600000, 0x0000000089700000| Untracked 
| 151|0x0000000089700000, 0x0000000089800000, 0x0000000089800000|100%| O|  |TAMS 0x0000000089700000, 0x0000000089800000| Untracked 
| 152|0x0000000089800000, 0x0000000089900000, 0x0000000089900000|100%| O|  |TAMS 0x0000000089800000, 0x0000000089900000| Untracked 
| 153|0x0000000089900000, 0x0000000089a00000, 0x0000000089a00000|100%| O|  |TAMS 0x0000000089900000, 0x0000000089a00000| Untracked 
| 154|0x0000000089a00000, 0x0000000089a00000, 0x0000000089b00000|  0%| F|  |TAMS 0x0000000089a00000, 0x0000000089a00000| Untracked 
| 155|0x0000000089b00000, 0x0000000089b00000, 0x0000000089c00000|  0%| F|  |TAMS 0x0000000089b00000, 0x0000000089b00000| Untracked 
| 156|0x0000000089c00000, 0x0000000089c00000, 0x0000000089d00000|  0%| F|  |TAMS 0x0000000089c00000, 0x0000000089c00000| Untracked 
| 157|0x0000000089d00000, 0x0000000089d00000, 0x0000000089e00000|  0%| F|  |TAMS 0x0000000089d00000, 0x0000000089d00000| Untracked 
| 158|0x0000000089e00000, 0x0000000089e00000, 0x0000000089f00000|  0%| F|  |TAMS 0x0000000089e00000, 0x0000000089e00000| Untracked 
| 159|0x0000000089f00000, 0x0000000089f00000, 0x000000008a000000|  0%| F|  |TAMS 0x0000000089f00000, 0x0000000089f00000| Untracked 
| 160|0x000000008a000000, 0x000000008a000000, 0x000000008a100000|  0%| F|  |TAMS 0x000000008a000000, 0x000000008a000000| Untracked 
| 161|0x000000008a100000, 0x000000008a100000, 0x000000008a200000|  0%| F|  |TAMS 0x000000008a100000, 0x000000008a100000| Untracked 
| 162|0x000000008a200000, 0x000000008a200000, 0x000000008a300000|  0%| F|  |TAMS 0x000000008a200000, 0x000000008a200000| Untracked 
| 163|0x000000008a300000, 0x000000008a300000, 0x000000008a400000|  0%| F|  |TAMS 0x000000008a300000, 0x000000008a300000| Untracked 
| 164|0x000000008a400000, 0x000000008a400000, 0x000000008a500000|  0%| F|  |TAMS 0x000000008a400000, 0x000000008a400000| Untracked 
| 165|0x000000008a500000, 0x000000008a500000, 0x000000008a600000|  0%| F|  |TAMS 0x000000008a500000, 0x000000008a500000| Untracked 
| 166|0x000000008a600000, 0x000000008a600000, 0x000000008a700000|  0%| F|  |TAMS 0x000000008a600000, 0x000000008a600000| Untracked 
| 167|0x000000008a700000, 0x000000008a700000, 0x000000008a800000|  0%| F|  |TAMS 0x000000008a700000, 0x000000008a700000| Untracked 
| 168|0x000000008a800000, 0x000000008a800000, 0x000000008a900000|  0%| F|  |TAMS 0x000000008a800000, 0x000000008a800000| Untracked 
| 169|0x000000008a900000, 0x000000008a900000, 0x000000008aa00000|  0%| F|  |TAMS 0x000000008a900000, 0x000000008a900000| Untracked 
| 170|0x000000008aa00000, 0x000000008aa00000, 0x000000008ab00000|  0%| F|  |TAMS 0x000000008aa00000, 0x000000008aa00000| Untracked 
| 171|0x000000008ab00000, 0x000000008ab00000, 0x000000008ac00000|  0%| F|  |TAMS 0x000000008ab00000, 0x000000008ab00000| Untracked 
| 172|0x000000008ac00000, 0x000000008ac00000, 0x000000008ad00000|  0%| F|  |TAMS 0x000000008ac00000, 0x000000008ac00000| Untracked 
| 173|0x000000008ad00000, 0x000000008ad00000, 0x000000008ae00000|  0%| F|  |TAMS 0x000000008ad00000, 0x000000008ad00000| Untracked 
| 174|0x000000008ae00000, 0x000000008ae00000, 0x000000008af00000|  0%| F|  |TAMS 0x000000008ae00000, 0x000000008ae00000| Untracked 
| 175|0x000000008af00000, 0x000000008af00000, 0x000000008b000000|  0%| F|  |TAMS 0x000000008af00000, 0x000000008af00000| Untracked 
| 176|0x000000008b000000, 0x000000008b000000, 0x000000008b100000|  0%| F|  |TAMS 0x000000008b000000, 0x000000008b000000| Untracked 
| 177|0x000000008b100000, 0x000000008b200000, 0x000000008b200000|100%| O|  |TAMS 0x000000008b100000, 0x000000008b200000| Untracked 
| 178|0x000000008b200000, 0x000000008b300000, 0x000000008b300000|100%| O|  |TAMS 0x000000008b200000, 0x000000008b300000| Untracked 
| 179|0x000000008b300000, 0x000000008b300000, 0x000000008b400000|  0%| F|  |TAMS 0x000000008b300000, 0x000000008b300000| Untracked 
| 180|0x000000008b400000, 0x000000008b400000, 0x000000008b500000|  0%| F|  |TAMS 0x000000008b400000, 0x000000008b400000| Untracked 
| 181|0x000000008b500000, 0x000000008b500000, 0x000000008b600000|  0%| F|  |TAMS 0x000000008b500000, 0x000000008b500000| Untracked 
| 182|0x000000008b600000, 0x000000008b600000, 0x000000008b700000|  0%| F|  |TAMS 0x000000008b600000, 0x000000008b600000| Untracked 
| 183|0x000000008b700000, 0x000000008b700000, 0x000000008b800000|  0%| F|  |TAMS 0x000000008b700000, 0x000000008b700000| Untracked 
| 184|0x000000008b800000, 0x000000008b800000, 0x000000008b900000|  0%| F|  |TAMS 0x000000008b800000, 0x000000008b800000| Untracked 
| 185|0x000000008b900000, 0x000000008b900000, 0x000000008ba00000|  0%| F|  |TAMS 0x000000008b900000, 0x000000008b900000| Untracked 
| 186|0x000000008ba00000, 0x000000008ba00000, 0x000000008bb00000|  0%| F|  |TAMS 0x000000008ba00000, 0x000000008ba00000| Untracked 
| 187|0x000000008bb00000, 0x000000008bb00000, 0x000000008bc00000|  0%| F|  |TAMS 0x000000008bb00000, 0x000000008bb00000| Untracked 
| 188|0x000000008bc00000, 0x000000008bc00000, 0x000000008bd00000|  0%| F|  |TAMS 0x000000008bc00000, 0x000000008bc00000| Untracked 
| 189|0x000000008bd00000, 0x000000008bd00000, 0x000000008be00000|  0%| F|  |TAMS 0x000000008bd00000, 0x000000008bd00000| Untracked 
| 190|0x000000008be00000, 0x000000008be00000, 0x000000008bf00000|  0%| F|  |TAMS 0x000000008be00000, 0x000000008be00000| Untracked 
| 191|0x000000008bf00000, 0x000000008bf00000, 0x000000008c000000|  0%| F|  |TAMS 0x000000008bf00000, 0x000000008bf00000| Untracked 
| 192|0x000000008c000000, 0x000000008c000000, 0x000000008c100000|  0%| F|  |TAMS 0x000000008c000000, 0x000000008c000000| Untracked 
| 193|0x000000008c100000, 0x000000008c100000, 0x000000008c200000|  0%| F|  |TAMS 0x000000008c100000, 0x000000008c100000| Untracked 
| 194|0x000000008c200000, 0x000000008c200000, 0x000000008c300000|  0%| F|  |TAMS 0x000000008c200000, 0x000000008c200000| Untracked 
| 195|0x000000008c300000, 0x000000008c300000, 0x000000008c400000|  0%| F|  |TAMS 0x000000008c300000, 0x000000008c300000| Untracked 
| 196|0x000000008c400000, 0x000000008c400000, 0x000000008c500000|  0%| F|  |TAMS 0x000000008c400000, 0x000000008c400000| Untracked 
| 197|0x000000008c500000, 0x000000008c500000, 0x000000008c600000|  0%| F|  |TAMS 0x000000008c500000, 0x000000008c500000| Untracked 
| 198|0x000000008c600000, 0x000000008c600000, 0x000000008c700000|  0%| F|  |TAMS 0x000000008c600000, 0x000000008c600000| Untracked 
| 199|0x000000008c700000, 0x000000008c700000, 0x000000008c800000|  0%| F|  |TAMS 0x000000008c700000, 0x000000008c700000| Untracked 
| 200|0x000000008c800000, 0x000000008c800000, 0x000000008c900000|  0%| F|  |TAMS 0x000000008c800000, 0x000000008c800000| Untracked 
| 201|0x000000008c900000, 0x000000008c900000, 0x000000008ca00000|  0%| F|  |TAMS 0x000000008c900000, 0x000000008c900000| Untracked 
| 202|0x000000008ca00000, 0x000000008ca00000, 0x000000008cb00000|  0%| F|  |TAMS 0x000000008ca00000, 0x000000008ca00000| Untracked 
| 203|0x000000008cb00000, 0x000000008cb00000, 0x000000008cc00000|  0%| F|  |TAMS 0x000000008cb00000, 0x000000008cb00000| Untracked 
| 204|0x000000008cc00000, 0x000000008cc00000, 0x000000008cd00000|  0%| F|  |TAMS 0x000000008cc00000, 0x000000008cc00000| Untracked 
| 205|0x000000008cd00000, 0x000000008cd00000, 0x000000008ce00000|  0%| F|  |TAMS 0x000000008cd00000, 0x000000008cd00000| Untracked 
| 206|0x000000008ce00000, 0x000000008ce00000, 0x000000008cf00000|  0%| F|  |TAMS 0x000000008ce00000, 0x000000008ce00000| Untracked 
| 207|0x000000008cf00000, 0x000000008cf00000, 0x000000008d000000|  0%| F|  |TAMS 0x000000008cf00000, 0x000000008cf00000| Untracked 
| 208|0x000000008d000000, 0x000000008d000000, 0x000000008d100000|  0%| F|  |TAMS 0x000000008d000000, 0x000000008d000000| Untracked 
| 209|0x000000008d100000, 0x000000008d100000, 0x000000008d200000|  0%| F|  |TAMS 0x000000008d100000, 0x000000008d100000| Untracked 
| 210|0x000000008d200000, 0x000000008d200000, 0x000000008d300000|  0%| F|  |TAMS 0x000000008d200000, 0x000000008d200000| Untracked 
| 211|0x000000008d300000, 0x000000008d300000, 0x000000008d400000|  0%| F|  |TAMS 0x000000008d300000, 0x000000008d300000| Untracked 
| 212|0x000000008d400000, 0x000000008d400000, 0x000000008d500000|  0%| F|  |TAMS 0x000000008d400000, 0x000000008d400000| Untracked 
| 213|0x000000008d500000, 0x000000008d500000, 0x000000008d600000|  0%| F|  |TAMS 0x000000008d500000, 0x000000008d500000| Untracked 
| 214|0x000000008d600000, 0x000000008d600000, 0x000000008d700000|  0%| F|  |TAMS 0x000000008d600000, 0x000000008d600000| Untracked 
| 215|0x000000008d700000, 0x000000008d700000, 0x000000008d800000|  0%| F|  |TAMS 0x000000008d700000, 0x000000008d700000| Untracked 
| 216|0x000000008d800000, 0x000000008d800000, 0x000000008d900000|  0%| F|  |TAMS 0x000000008d800000, 0x000000008d800000| Untracked 
| 217|0x000000008d900000, 0x000000008d900000, 0x000000008da00000|  0%| F|  |TAMS 0x000000008d900000, 0x000000008d900000| Untracked 
| 218|0x000000008da00000, 0x000000008da00000, 0x000000008db00000|  0%| F|  |TAMS 0x000000008da00000, 0x000000008da00000| Untracked 
| 219|0x000000008db00000, 0x000000008db00000, 0x000000008dc00000|  0%| F|  |TAMS 0x000000008db00000, 0x000000008db00000| Untracked 
| 220|0x000000008dc00000, 0x000000008dc00000, 0x000000008dd00000|  0%| F|  |TAMS 0x000000008dc00000, 0x000000008dc00000| Untracked 
| 221|0x000000008dd00000, 0x000000008dd00000, 0x000000008de00000|  0%| F|  |TAMS 0x000000008dd00000, 0x000000008dd00000| Untracked 
| 222|0x000000008de00000, 0x000000008de00000, 0x000000008df00000|  0%| F|  |TAMS 0x000000008de00000, 0x000000008de00000| Untracked 
| 223|0x000000008df00000, 0x000000008df00000, 0x000000008e000000|  0%| F|  |TAMS 0x000000008df00000, 0x000000008df00000| Untracked 
| 224|0x000000008e000000, 0x000000008e000000, 0x000000008e100000|  0%| F|  |TAMS 0x000000008e000000, 0x000000008e000000| Untracked 
| 225|0x000000008e100000, 0x000000008e100000, 0x000000008e200000|  0%| F|  |TAMS 0x000000008e100000, 0x000000008e100000| Untracked 
| 226|0x000000008e200000, 0x000000008e200000, 0x000000008e300000|  0%| F|  |TAMS 0x000000008e200000, 0x000000008e200000| Untracked 
| 227|0x000000008e300000, 0x000000008e300000, 0x000000008e400000|  0%| F|  |TAMS 0x000000008e300000, 0x000000008e300000| Untracked 
| 228|0x000000008e400000, 0x000000008e400000, 0x000000008e500000|  0%| F|  |TAMS 0x000000008e400000, 0x000000008e400000| Untracked 
| 229|0x000000008e500000, 0x000000008e500000, 0x000000008e600000|  0%| F|  |TAMS 0x000000008e500000, 0x000000008e500000| Untracked 
| 230|0x000000008e600000, 0x000000008e600000, 0x000000008e700000|  0%| F|  |TAMS 0x000000008e600000, 0x000000008e600000| Untracked 
| 231|0x000000008e700000, 0x000000008e700000, 0x000000008e800000|  0%| F|  |TAMS 0x000000008e700000, 0x000000008e700000| Untracked 
| 232|0x000000008e800000, 0x000000008e800000, 0x000000008e900000|  0%| F|  |TAMS 0x000000008e800000, 0x000000008e800000| Untracked 
| 233|0x000000008e900000, 0x000000008e900000, 0x000000008ea00000|  0%| F|  |TAMS 0x000000008e900000, 0x000000008e900000| Untracked 
| 234|0x000000008ea00000, 0x000000008ea00000, 0x000000008eb00000|  0%| F|  |TAMS 0x000000008ea00000, 0x000000008ea00000| Untracked 
| 235|0x000000008eb00000, 0x000000008eb00000, 0x000000008ec00000|  0%| F|  |TAMS 0x000000008eb00000, 0x000000008eb00000| Untracked 
| 236|0x000000008ec00000, 0x000000008ec00000, 0x000000008ed00000|  0%| F|  |TAMS 0x000000008ec00000, 0x000000008ec00000| Untracked 
| 237|0x000000008ed00000, 0x000000008ed00000, 0x000000008ee00000|  0%| F|  |TAMS 0x000000008ed00000, 0x000000008ed00000| Untracked 
| 238|0x000000008ee00000, 0x000000008ee00000, 0x000000008ef00000|  0%| F|  |TAMS 0x000000008ee00000, 0x000000008ee00000| Untracked 
| 239|0x000000008ef00000, 0x000000008ef00000, 0x000000008f000000|  0%| F|  |TAMS 0x000000008ef00000, 0x000000008ef00000| Untracked 
| 240|0x000000008f000000, 0x000000008f0e7268, 0x000000008f100000| 90%| E|  |TAMS 0x000000008f000000, 0x000000008f000000| Complete 
| 241|0x000000008f100000, 0x000000008f200000, 0x000000008f200000|100%| E|CS|TAMS 0x000000008f100000, 0x000000008f100000| Complete 
| 242|0x000000008f200000, 0x000000008f300000, 0x000000008f300000|100%| E|CS|TAMS 0x000000008f200000, 0x000000008f200000| Complete 
| 243|0x000000008f300000, 0x000000008f400000, 0x000000008f400000|100%| S|CS|TAMS 0x000000008f300000, 0x000000008f300000| Complete 
| 244|0x000000008f400000, 0x000000008f500000, 0x000000008f500000|100%| S|CS|TAMS 0x000000008f400000, 0x000000008f400000| Complete 
| 245|0x000000008f500000, 0x000000008f600000, 0x000000008f600000|100%| S|CS|TAMS 0x000000008f500000, 0x000000008f500000| Complete 
| 246|0x000000008f600000, 0x000000008f700000, 0x000000008f700000|100%| S|CS|TAMS 0x000000008f600000, 0x000000008f600000| Complete 
| 247|0x000000008f700000, 0x000000008f800000, 0x000000008f800000|100%| S|CS|TAMS 0x000000008f700000, 0x000000008f700000| Complete 
| 248|0x000000008f800000, 0x000000008f900000, 0x000000008f900000|100%| E|CS|TAMS 0x000000008f800000, 0x000000008f800000| Complete 
| 249|0x000000008f900000, 0x000000008fa00000, 0x000000008fa00000|100%| E|CS|TAMS 0x000000008f900000, 0x000000008f900000| Complete 
| 250|0x000000008fa00000, 0x000000008fb00000, 0x000000008fb00000|100%| E|CS|TAMS 0x000000008fa00000, 0x000000008fa00000| Complete 
| 251|0x000000008fb00000, 0x000000008fc00000, 0x000000008fc00000|100%| E|CS|TAMS 0x000000008fb00000, 0x000000008fb00000| Complete 
| 252|0x000000008fc00000, 0x000000008fd00000, 0x000000008fd00000|100%| E|CS|TAMS 0x000000008fc00000, 0x000000008fc00000| Complete 
| 253|0x000000008fd00000, 0x000000008fe00000, 0x000000008fe00000|100%| E|CS|TAMS 0x000000008fd00000, 0x000000008fd00000| Complete 
| 254|0x000000008fe00000, 0x000000008ff00000, 0x000000008ff00000|100%| E|CS|TAMS 0x000000008fe00000, 0x000000008fe00000| Complete 
| 255|0x000000008ff00000, 0x0000000090000000, 0x0000000090000000|100%| E|CS|TAMS 0x000000008ff00000, 0x000000008ff00000| Complete 
| 256|0x0000000090000000, 0x0000000090100000, 0x0000000090100000|100%| E|CS|TAMS 0x0000000090000000, 0x0000000090000000| Complete 
| 257|0x0000000090100000, 0x0000000090200000, 0x0000000090200000|100%| E|CS|TAMS 0x0000000090100000, 0x0000000090100000| Complete 
| 258|0x0000000090200000, 0x0000000090300000, 0x0000000090300000|100%| E|CS|TAMS 0x0000000090200000, 0x0000000090200000| Complete 
| 259|0x0000000090300000, 0x0000000090400000, 0x0000000090400000|100%| E|CS|TAMS 0x0000000090300000, 0x0000000090300000| Complete 
| 260|0x0000000090400000, 0x0000000090500000, 0x0000000090500000|100%| E|CS|TAMS 0x0000000090400000, 0x0000000090400000| Complete 
| 261|0x0000000090500000, 0x0000000090600000, 0x0000000090600000|100%| E|CS|TAMS 0x0000000090500000, 0x0000000090500000| Complete 
| 262|0x0000000090600000, 0x0000000090700000, 0x0000000090700000|100%| E|CS|TAMS 0x0000000090600000, 0x0000000090600000| Complete 
| 263|0x0000000090700000, 0x0000000090800000, 0x0000000090800000|100%| E|CS|TAMS 0x0000000090700000, 0x0000000090700000| Complete 
| 264|0x0000000090800000, 0x0000000090900000, 0x0000000090900000|100%| E|CS|TAMS 0x0000000090800000, 0x0000000090800000| Complete 
| 265|0x0000000090900000, 0x0000000090a00000, 0x0000000090a00000|100%| E|CS|TAMS 0x0000000090900000, 0x0000000090900000| Complete 
| 266|0x0000000090a00000, 0x0000000090affbb0, 0x0000000090b00000| 99%| E|  |TAMS 0x0000000090a00000, 0x0000000090a00000| Complete 
| 267|0x0000000090b00000, 0x0000000090c00000, 0x0000000090c00000|100%| E|CS|TAMS 0x0000000090b00000, 0x0000000090b00000| Complete 
| 268|0x0000000090c00000, 0x0000000090d00000, 0x0000000090d00000|100%| E|CS|TAMS 0x0000000090c00000, 0x0000000090c00000| Complete 
| 269|0x0000000090d00000, 0x0000000090e00000, 0x0000000090e00000|100%| E|CS|TAMS 0x0000000090d00000, 0x0000000090d00000| Complete 
| 270|0x0000000090e00000, 0x0000000090f00000, 0x0000000090f00000|100%| E|CS|TAMS 0x0000000090e00000, 0x0000000090e00000| Complete 
| 271|0x0000000090f00000, 0x0000000091000000, 0x0000000091000000|100%| E|CS|TAMS 0x0000000090f00000, 0x0000000090f00000| Complete 
| 272|0x0000000091000000, 0x0000000091100000, 0x0000000091100000|100%| E|CS|TAMS 0x0000000091000000, 0x0000000091000000| Complete 
| 273|0x0000000091100000, 0x0000000091200000, 0x0000000091200000|100%| E|CS|TAMS 0x0000000091100000, 0x0000000091100000| Complete 
| 274|0x0000000091200000, 0x0000000091300000, 0x0000000091300000|100%| E|CS|TAMS 0x0000000091200000, 0x0000000091200000| Complete 
| 275|0x0000000091300000, 0x0000000091400000, 0x0000000091400000|100%| E|CS|TAMS 0x0000000091300000, 0x0000000091300000| Complete 
| 276|0x0000000091400000, 0x0000000091500000, 0x0000000091500000|100%| E|CS|TAMS 0x0000000091400000, 0x0000000091400000| Complete 
| 277|0x0000000091500000, 0x0000000091600000, 0x0000000091600000|100%| E|CS|TAMS 0x0000000091500000, 0x0000000091500000| Complete 
| 278|0x0000000091600000, 0x0000000091700000, 0x0000000091700000|100%| E|CS|TAMS 0x0000000091600000, 0x0000000091600000| Complete 
| 279|0x0000000091700000, 0x0000000091800000, 0x0000000091800000|100%| E|CS|TAMS 0x0000000091700000, 0x0000000091700000| Complete 
| 280|0x0000000091800000, 0x0000000091900000, 0x0000000091900000|100%| E|CS|TAMS 0x0000000091800000, 0x0000000091800000| Complete 
| 281|0x0000000091900000, 0x0000000091a00000, 0x0000000091a00000|100%| E|CS|TAMS 0x0000000091900000, 0x0000000091900000| Complete 
| 282|0x0000000091a00000, 0x0000000091b00000, 0x0000000091b00000|100%| E|CS|TAMS 0x0000000091a00000, 0x0000000091a00000| Complete 
| 283|0x0000000091b00000, 0x0000000091c00000, 0x0000000091c00000|100%| E|CS|TAMS 0x0000000091b00000, 0x0000000091b00000| Complete 
| 284|0x0000000091c00000, 0x0000000091d00000, 0x0000000091d00000|100%| E|CS|TAMS 0x0000000091c00000, 0x0000000091c00000| Complete 
| 285|0x0000000091d00000, 0x0000000091e00000, 0x0000000091e00000|100%| E|CS|TAMS 0x0000000091d00000, 0x0000000091d00000| Complete 
| 286|0x0000000091e00000, 0x0000000091f00000, 0x0000000091f00000|100%| E|CS|TAMS 0x0000000091e00000, 0x0000000091e00000| Complete 
| 287|0x0000000091f00000, 0x0000000092000000, 0x0000000092000000|100%| E|CS|TAMS 0x0000000091f00000, 0x0000000091f00000| Complete 

Card table byte_map: [0x00000167a7e90000,0x00000167a8290000] _byte_map_base: 0x00000167a7a90000

Marking Bits (Prev, Next): (CMBitMap*) 0x000001679332d068, (CMBitMap*) 0x000001679332d0a0
 Prev Bits: [0x00000167a8690000, 0x00000167aa690000)
 Next Bits: [0x00000167aa690000, 0x00000167ac690000)

Polling page: 0x00000167933d0000

Metaspace:

Usage:
  Non-class:    107.60 MB capacity,   105.49 MB ( 98%) used,     1.72 MB (  2%) free+waste,   397.75 KB ( <1%) overhead. 
      Class:     16.11 MB capacity,    14.87 MB ( 92%) used,     1.06 MB (  7%) free+waste,   174.81 KB (  1%) overhead. 
       Both:    123.71 MB capacity,   120.37 MB ( 97%) used,     2.78 MB (  2%) free+waste,   572.56 KB ( <1%) overhead. 

Virtual space:
  Non-class space:      108.00 MB reserved,     107.75 MB (>99%) committed 
      Class space:        1.00 GB reserved,      16.13 MB (  2%) committed 
             Both:        1.11 GB reserved,     123.88 MB ( 11%) committed 

Chunk freelists:
   Non-Class:  29.00 KB
       Class:  0 bytes
        Both:  29.00 KB

MaxMetaspaceSize: 17179869184.00 GB
CompressedClassSpaceSize: 1.00 GB

CodeHeap 'non-profiled nmethods': size=120064Kb used=12717Kb max_used=12717Kb free=107346Kb
 bounds [0x000001679ff30000, 0x00000167a0ba0000, 0x00000167a7470000]
CodeHeap 'profiled nmethods': size=120000Kb used=40206Kb max_used=40206Kb free=79793Kb
 bounds [0x0000016798a00000, 0x000001679b170000, 0x000001679ff30000]
CodeHeap 'non-nmethods': size=5696Kb used=2363Kb max_used=2413Kb free=3332Kb
 bounds [0x0000016798470000, 0x00000167986f0000, 0x0000016798a00000]
 total_blobs=20199 nmethods=19204 adapters=904
 compilation: enabled
              stopped_count=0, restarted_count=0
 full_count=0

Compilation events (20 events):
Event: 906.602 Thread 0x00000167aed0f000 nmethod 23236 0x000001679b168490 code [0x000001679b168700, 0x000001679b1691a8]
Event: 906.657 Thread 0x00000167aed0f000 23237       3       org.gradle.internal.execution.history.impl.DefaultOutputFilesRepository::isGeneratedByGradle (27 bytes)
Event: 906.661 Thread 0x00000167aed0f000 nmethod 23237 0x000001679b169510 code [0x000001679b169740, 0x000001679b169df8]
Event: 906.661 Thread 0x00000167aed0f000 23240       3       org.gradle.api.internal.file.AbstractFileResolver::resolve (9 bytes)
Event: 906.661 Thread 0x00000167aed0f000 nmethod 23240 0x000001679b16a090 code [0x000001679b16a280, 0x000001679b16a608]
Event: 906.662 Thread 0x00000167aed0f000 23238       3       org.gradle.internal.execution.history.impl.DefaultOutputFilesRepository::containsFilesGeneratedByGradle (22 bytes)
Event: 906.662 Thread 0x00000167aed0f000 nmethod 23238 0x000001679b16a710 code [0x000001679b16a8e0, 0x000001679b16ab28]
Event: 906.662 Thread 0x00000167aed0f000 23239       3       org.gradle.api.internal.provider.Providers$NoValueProvider::withFinalValue (2 bytes)
Event: 906.662 Thread 0x00000167aed0f000 nmethod 23239 0x000001679b16ac10 code [0x000001679b16adc0, 0x000001679b16aeb8]
Event: 906.721 Thread 0x00000167aed0f000 23241       3       org.gradle.api.internal.collections.DefaultPendingSource::isEmpty (10 bytes)
Event: 906.725 Thread 0x00000167aed0f000 nmethod 23241 0x000001679b16af90 code [0x000001679b16b140, 0x000001679b16b308]
Event: 906.725 Thread 0x00000167aed0f000 23242       1       org.gradle.api.internal.project.DefaultProjectStateRegistry$ProjectStateImpl::getComponentIdentifier (5 bytes)
Event: 906.726 Thread 0x00000167aed0f000 nmethod 23242 0x00000167a0b9b610 code [0x00000167a0b9b7c0, 0x00000167a0b9b878]
Event: 906.922 Thread 0x00000167aed0c000 23243       4       org.gradle.api.internal.artifacts.transform.AbstractTransformedArtifactSet::startVisit (86 bytes)
Event: 906.967 Thread 0x00000167aed0c000 nmethod 23243 0x00000167a0b9b910 code [0x00000167a0b9bbe0, 0x00000167a0b9c920]
Event: 906.968 Thread 0x00000167aed0c000 23244       4       org.gradle.internal.execution.history.changes.DefaultExecutionStateChangeDetector::detectChanges (337 bytes)
Event: 907.119 Thread 0x00000167aed0f000 23249       3       org.gradle.api.internal.artifacts.transform.ConsumerProvidedVariantFinder$AttributeSpecificCache::<init> (5 bytes)
Event: 907.121 Thread 0x00000167aed0f000 nmethod 23249 0x000001679b16b410 code [0x000001679b16b620, 0x000001679b16bc58]
Event: 907.121 Thread 0x00000167aed0f000 23250       3       org.gradle.api.internal.artifacts.transform.ConsumerProvidedVariantFinder$AttributeSpecificCache::<init> (19 bytes)
Event: 907.122 Thread 0x00000167aed0f000 nmethod 23250 0x000001679b16be90 code [0x000001679b16c0a0, 0x000001679b16c678]

GC Heap History (20 events):
Event: 818.216 GC heap before
{Heap before GC invocations=112 (full 0):
 garbage-first heap   total 294912K, used 229898K [0x0000000080000000, 0x0000000100000000)
  region size 1024K, 84 young (86016K), 6 survivors (6144K)
 Metaspace       used 122353K, capacity 125639K, committed 125824K, reserved 1159168K
  class space    used 15149K, capacity 16392K, committed 16512K, reserved 1048576K
}
Event: 818.571 GC heap after
{Heap after GC invocations=113 (full 0):
 garbage-first heap   total 294912K, used 129189K [0x0000000080000000, 0x0000000100000000)
  region size 1024K, 6 young (6144K), 6 survivors (6144K)
 Metaspace       used 122353K, capacity 125639K, committed 125824K, reserved 1159168K
  class space    used 15149K, capacity 16392K, committed 16512K, reserved 1048576K
}
Event: 819.608 GC heap before
{Heap before GC invocations=113 (full 0):
 garbage-first heap   total 294912K, used 136357K [0x0000000080000000, 0x0000000100000000)
  region size 1024K, 14 young (14336K), 6 survivors (6144K)
 Metaspace       used 122440K, capacity 125763K, committed 126080K, reserved 1159168K
  class space    used 15155K, capacity 16402K, committed 16512K, reserved 1048576K
}
Event: 819.765 GC heap after
{Heap after GC invocations=114 (full 0):
 garbage-first heap   total 294912K, used 124643K [0x0000000080000000, 0x0000000100000000)
  region size 1024K, 2 young (2048K), 2 survivors (2048K)
 Metaspace       used 122440K, capacity 125763K, committed 126080K, reserved 1159168K
  class space    used 15155K, capacity 16402K, committed 16512K, reserved 1048576K
}
Event: 823.688 GC heap before
{Heap before GC invocations=114 (full 0):
 garbage-first heap   total 294912K, used 176867K [0x0000000080000000, 0x0000000100000000)
  region size 1024K, 54 young (55296K), 2 survivors (2048K)
 Metaspace       used 122662K, capacity 126016K, committed 126080K, reserved 1159168K
  class space    used 15186K, capacity 16460K, committed 16512K, reserved 1048576K
}
Event: 824.185 GC heap after
{Heap after GC invocations=115 (full 0):
 garbage-first heap   total 294912K, used 127599K [0x0000000080000000, 0x0000000100000000)
  region size 1024K, 5 young (5120K), 5 survivors (5120K)
 Metaspace       used 122662K, capacity 126016K, committed 126080K, reserved 1159168K
  class space    used 15186K, capacity 16460K, committed 16512K, reserved 1048576K
}
Event: 824.961 GC heap before
{Heap before GC invocations=115 (full 0):
 garbage-first heap   total 294912K, used 151151K [0x0000000080000000, 0x0000000100000000)
  region size 1024K, 26 young (26624K), 5 survivors (5120K)
 Metaspace       used 122672K, capacity 126016K, committed 126080K, reserved 1159168K
  class space    used 15186K, capacity 16460K, committed 16512K, reserved 1048576K
}
Event: 825.158 GC heap after
{Heap after GC invocations=116 (full 0):
 garbage-first heap   total 294912K, used 146320K [0x0000000080000000, 0x0000000100000000)
  region size 1024K, 4 young (4096K), 4 survivors (4096K)
 Metaspace       used 122672K, capacity 126016K, committed 126080K, reserved 1159168K
  class space    used 15186K, capacity 16460K, committed 16512K, reserved 1048576K
}
Event: 825.367 GC heap before
{Heap before GC invocations=116 (full 0):
 garbage-first heap   total 294912K, used 177040K [0x0000000080000000, 0x0000000100000000)
  region size 1024K, 35 young (35840K), 4 survivors (4096K)
 Metaspace       used 122685K, capacity 126144K, committed 126336K, reserved 1159168K
  class space    used 15186K, capacity 16460K, committed 16512K, reserved 1048576K
}
Event: 825.401 GC heap after
{Heap after GC invocations=117 (full 0):
 garbage-first heap   total 294912K, used 156160K [0x0000000080000000, 0x0000000100000000)
  region size 1024K, 5 young (5120K), 5 survivors (5120K)
 Metaspace       used 122685K, capacity 126144K, committed 126336K, reserved 1159168K
  class space    used 15186K, capacity 16460K, committed 16512K, reserved 1048576K
}
Event: 831.276 GC heap before
{Heap before GC invocations=117 (full 0):
 garbage-first heap   total 294912K, used 229888K [0x0000000080000000, 0x0000000100000000)
  region size 1024K, 52 young (53248K), 5 survivors (5120K)
 Metaspace       used 122838K, capacity 126209K, committed 126336K, reserved 1159168K
  class space    used 15187K, capacity 16460K, committed 16512K, reserved 1048576K
}
Event: 831.431 GC heap after
{Heap after GC invocations=118 (full 0):
 garbage-first heap   total 294912K, used 158133K [0x0000000080000000, 0x0000000100000000)
  region size 1024K, 5 young (5120K), 5 survivors (5120K)
 Metaspace       used 122838K, capacity 126209K, committed 126336K, reserved 1159168K
  class space    used 15187K, capacity 16460K, committed 16512K, reserved 1048576K
}
Event: 834.397 GC heap before
{Heap before GC invocations=119 (full 0):
 garbage-first heap   total 294912K, used 220597K [0x0000000080000000, 0x0000000100000000)
  region size 1024K, 67 young (68608K), 5 survivors (5120K)
 Metaspace       used 122844K, capacity 126211K, committed 126336K, reserved 1159168K
  class space    used 15187K, capacity 16460K, committed 16512K, reserved 1048576K
}
Event: 834.445 GC heap after
{Heap after GC invocations=120 (full 0):
 garbage-first heap   total 294912K, used 159743K [0x0000000080000000, 0x0000000100000000)
  region size 1024K, 2 young (2048K), 2 survivors (2048K)
 Metaspace       used 122844K, capacity 126211K, committed 126336K, reserved 1159168K
  class space    used 15187K, capacity 16460K, committed 16512K, reserved 1048576K
}
Event: 899.154 GC heap before
{Heap before GC invocations=120 (full 0):
 garbage-first heap   total 294912K, used 171007K [0x0000000080000000, 0x0000000100000000)
  region size 1024K, 14 young (14336K), 2 survivors (2048K)
 Metaspace       used 123149K, capacity 126601K, committed 126848K, reserved 1159168K
  class space    used 15230K, capacity 16494K, committed 16512K, reserved 1048576K
}
Event: 899.316 GC heap after
{Heap after GC invocations=121 (full 0):
 garbage-first heap   total 294912K, used 152376K [0x0000000080000000, 0x0000000100000000)
  region size 1024K, 1 young (1024K), 1 survivors (1024K)
 Metaspace       used 123149K, capacity 126601K, committed 126848K, reserved 1159168K
  class space    used 15230K, capacity 16494K, committed 16512K, reserved 1048576K
}
Event: 900.899 GC heap before
{Heap before GC invocations=121 (full 0):
 garbage-first heap   total 294912K, used 165688K [0x0000000080000000, 0x0000000100000000)
  region size 1024K, 14 young (14336K), 1 survivors (1024K)
 Metaspace       used 123155K, capacity 126601K, committed 126848K, reserved 1159168K
  class space    used 15230K, capacity 16494K, committed 16512K, reserved 1048576K
}
Event: 901.112 GC heap after
{Heap after GC invocations=122 (full 0):
 garbage-first heap   total 294912K, used 148170K [0x0000000080000000, 0x0000000100000000)
  region size 1024K, 2 young (2048K), 2 survivors (2048K)
 Metaspace       used 123155K, capacity 126601K, committed 126848K, reserved 1159168K
  class space    used 15230K, capacity 16494K, committed 16512K, reserved 1048576K
}
Event: 904.675 GC heap before
{Heap before GC invocations=122 (full 0):
 garbage-first heap   total 294912K, used 187082K [0x0000000080000000, 0x0000000100000000)
  region size 1024K, 40 young (40960K), 2 survivors (2048K)
 Metaspace       used 123246K, capacity 126674K, committed 126848K, reserved 1159168K
  class space    used 15231K, capacity 16495K, committed 16512K, reserved 1048576K
}
Event: 904.794 GC heap after
{Heap after GC invocations=123 (full 0):
 garbage-first heap   total 294912K, used 151878K [0x0000000080000000, 0x0000000100000000)
  region size 1024K, 5 young (5120K), 5 survivors (5120K)
 Metaspace       used 123246K, capacity 126674K, committed 126848K, reserved 1159168K
  class space    used 15231K, capacity 16495K, committed 16512K, reserved 1048576K
}

Deoptimization events (20 events):
Event: 855.067 Thread 0x00000167b80bf000 DEOPT PACKING pc=0x000001679ffe72c0 sp=0x000000503ecfc600
Event: 855.067 Thread 0x00000167b80bf000 DEOPT UNPACKING pc=0x00000167984974af sp=0x000000503ecfc550 mode 2
Event: 855.069 Thread 0x00000167b80bf000 Uncommon trap: trap_request=0xffffffc6 fr.pc=0x000001679ffe72c0 relative=0x0000000000000ce0
Event: 855.069 Thread 0x00000167b80bf000 Uncommon trap: reason=bimorphic_or_optimized_type_check action=maybe_recompile pc=0x000001679ffe72c0 method=com.google.common.cache.LocalCache$Segment.get(Ljava/lang/Object;I)Ljava/lang/Object; @ 44 c2
Event: 855.069 Thread 0x00000167b80bf000 DEOPT PACKING pc=0x000001679ffe72c0 sp=0x000000503ecfc010
Event: 855.070 Thread 0x00000167b80bf000 DEOPT UNPACKING pc=0x00000167984974af sp=0x000000503ecfbf60 mode 2
Event: 901.165 Thread 0x00000167b80c8000 Uncommon trap: trap_request=0xffffff4d fr.pc=0x00000167a0b36c2c relative=0x0000000000005d4c
Event: 901.166 Thread 0x00000167b80c8000 Uncommon trap: reason=unstable_if action=reinterpret pc=0x00000167a0b36c2c method=java.io.ObjectStreamClass.writeNonProxy(Ljava/io/ObjectOutputStream;)V @ 22 c2
Event: 901.166 Thread 0x00000167b80c8000 DEOPT PACKING pc=0x00000167a0b36c2c sp=0x000000503effe230
Event: 901.166 Thread 0x00000167b80c8000 DEOPT UNPACKING pc=0x00000167984974af sp=0x000000503effe008 mode 2
Event: 901.628 Thread 0x00000167b80bf000 DEOPT PACKING pc=0x00000167994e825f sp=0x000000503ecf76b0
Event: 901.629 Thread 0x00000167b80bf000 DEOPT UNPACKING pc=0x00000167984972ce sp=0x000000503ecf6b38 mode 0
Event: 901.825 Thread 0x00000167b80bf000 Uncommon trap: trap_request=0xfffffff4 fr.pc=0x00000167a0a81524 relative=0x0000000000000164
Event: 901.825 Thread 0x00000167b80bf000 Uncommon trap: reason=null_check action=make_not_entrant pc=0x00000167a0a81524 method=org.gradle.api.internal.collections.CollectionFilter.filter(Ljava/lang/Object;)Ljava/lang/Object; @ 5 c2
Event: 901.825 Thread 0x00000167b80bf000 DEOPT PACKING pc=0x00000167a0a81524 sp=0x000000503ecfb520
Event: 901.825 Thread 0x00000167b80bf000 DEOPT UNPACKING pc=0x00000167984974af sp=0x000000503ecfb4c0 mode 2
Event: 903.289 Thread 0x00000167b80bf000 Uncommon trap: trap_request=0xffffffdc fr.pc=0x00000167a0b6d600 relative=0x0000000000000220
Event: 903.289 Thread 0x00000167b80bf000 Uncommon trap: reason=class_check action=make_not_entrant pc=0x00000167a0b6d600 method=com.google.common.collect.Platform.copy([Ljava/lang/Object;II[Ljava/lang/Object;)[Ljava/lang/Object; @ 7 c2
Event: 903.290 Thread 0x00000167b80bf000 DEOPT PACKING pc=0x00000167a0b6d600 sp=0x000000503ecf8f90
Event: 903.290 Thread 0x00000167b80bf000 DEOPT UNPACKING pc=0x00000167984974af sp=0x000000503ecf8eb0 mode 2

Classes redefined (0 events):
No events

Internal exceptions (20 events):
Event: 627.620 Thread 0x00000167b231c000 Exception <a 'sun/nio/fs/WindowsException'{0x00000000906dc478}> (0x00000000906dc478) thrown at [./src/hotspot/share/prims/jni.cpp, line 615]
Event: 627.831 Thread 0x00000167b2314000 Exception <a 'sun/nio/fs/WindowsException'{0x000000008f90e820}> (0x000000008f90e820) thrown at [./src/hotspot/share/prims/jni.cpp, line 615]
Event: 820.962 Thread 0x00000167b80bf000 Exception <a 'sun/nio/fs/WindowsException'{0x00000000915382d0}> (0x00000000915382d0) thrown at [./src/hotspot/share/prims/jni.cpp, line 615]
Event: 821.146 Thread 0x00000167b80bf000 Implicit null exception at 0x0000016799c89da4 to 0x0000016799c8affa
Event: 821.147 Thread 0x00000167b80bf000 Exception <a 'java/lang/NullPointerException'{0x00000000914728b0}> (0x00000000914728b0) thrown at [./src/hotspot/share/runtime/sharedRuntime.cpp, line 584]
Event: 854.627 Thread 0x00000167b7e1d000 Exception <a 'java/io/IOException'{0x0000000091c87c18}> (0x0000000091c87c18) thrown at [./src/hotspot/share/prims/jni.cpp, line 615]
Event: 854.757 Thread 0x00000167b80c5800 Exception <a 'java/lang/NoSuchMethodError'{0x000000009194d138}: <clinit>> (0x000000009194d138) thrown at [./src/hotspot/share/prims/jni.cpp, line 1362]
Event: 854.767 Thread 0x00000167b80c5800 Exception <a 'java/lang/NoSuchMethodError'{0x0000000091969da8}: <clinit>> (0x0000000091969da8) thrown at [./src/hotspot/share/prims/jni.cpp, line 1362]
Event: 855.188 Thread 0x00000167b80c2000 Exception <a 'java/lang/NoSuchMethodError'{0x00000000917ae510}: <clinit>> (0x00000000917ae510) thrown at [./src/hotspot/share/prims/jni.cpp, line 1362]
Event: 855.190 Thread 0x00000167b80c2000 Exception <a 'java/lang/NoSuchMethodError'{0x00000000917c06b0}: <clinit>> (0x00000000917c06b0) thrown at [./src/hotspot/share/prims/jni.cpp, line 1362]
Event: 855.190 Thread 0x00000167b80c2000 Exception <a 'java/lang/NoSuchMethodError'{0x00000000917c1fe0}: <clinit>> (0x00000000917c1fe0) thrown at [./src/hotspot/share/prims/jni.cpp, line 1362]
Event: 855.193 Thread 0x00000167b80c2000 Exception <a 'java/lang/NoSuchMethodError'{0x00000000917d5658}: <clinit>> (0x00000000917d5658) thrown at [./src/hotspot/share/prims/jni.cpp, line 1362]
Event: 855.194 Thread 0x00000167b80c2000 Exception <a 'java/lang/NoSuchMethodError'{0x00000000917e28c0}: <clinit>> (0x00000000917e28c0) thrown at [./src/hotspot/share/prims/jni.cpp, line 1362]
Event: 855.207 Thread 0x00000167b80c2000 Exception <a 'java/lang/NoSuchMethodError'{0x00000000917f6388}: <clinit>> (0x00000000917f6388) thrown at [./src/hotspot/share/prims/jni.cpp, line 1362]
Event: 855.210 Thread 0x00000167b80c2000 Exception <a 'java/lang/NoSuchMethodError'{0x00000000916120a0}: <clinit>> (0x00000000916120a0) thrown at [./src/hotspot/share/prims/jni.cpp, line 1362]
Event: 855.211 Thread 0x00000167b80c2000 Exception <a 'java/lang/NoSuchMethodError'{0x0000000091621978}: <clinit>> (0x0000000091621978) thrown at [./src/hotspot/share/prims/jni.cpp, line 1362]
Event: 901.825 Thread 0x00000167b80bf000 Implicit null exception at 0x00000167a0a813fe to 0x00000167a0a81510
Event: 903.058 Thread 0x00000167b80bf000 Exception <a 'sun/nio/fs/WindowsException'{0x000000009133cb98}> (0x000000009133cb98) thrown at [./src/hotspot/share/prims/jni.cpp, line 615]
Event: 903.144 Thread 0x00000167b80bf000 Implicit null exception at 0x0000016799c89da4 to 0x0000016799c8affa
Event: 903.145 Thread 0x00000167b80bf000 Exception <a 'java/lang/NullPointerException'{0x000000009126fe30}> (0x000000009126fe30) thrown at [./src/hotspot/share/runtime/sharedRuntime.cpp, line 584]

Events (20 events):
Event: 900.872 Thread 0x00000167b7b0e800 Thread added: 0x00000167b7b0e800
Event: 900.898 Executing VM operation: G1CollectForAllocation
Event: 901.112 Executing VM operation: G1CollectForAllocation done
Event: 903.194 loading class org/gradle/api/internal/provider/AbstractProperty$1
Event: 903.194 loading class org/gradle/api/internal/provider/AbstractProperty$1 done
Event: 903.461 Thread 0x00000167b7b10800 Thread added: 0x00000167b7b10800
Event: 903.664 Thread 0x00000167b7b0c000 Thread added: 0x00000167b7b0c000
Event: 903.673 Thread 0x00000167b7b0f800 Thread added: 0x00000167b7b0f800
Event: 903.674 Thread 0x00000167b7b0d000 Thread added: 0x00000167b7b0d000
Event: 903.675 Thread 0x00000167b7b0e000 Thread added: 0x00000167b7b0e000
Event: 903.706 Thread 0x00000167b7b0a800 Thread added: 0x00000167b7b0a800
Event: 904.221 Thread 0x00000167b80ca800 Thread exited: 0x00000167b80ca800
Event: 904.289 Executing VM operation: RevokeBias
Event: 904.294 Executing VM operation: RevokeBias done
Event: 904.294 Executing VM operation: RevokeBias
Event: 904.295 Executing VM operation: RevokeBias done
Event: 904.295 Executing VM operation: RevokeBias
Event: 904.296 Executing VM operation: RevokeBias done
Event: 904.671 Executing VM operation: G1CollectForAllocation
Event: 904.795 Executing VM operation: G1CollectForAllocation done


Dynamic libraries:
0x00007ff7fa5d0000 - 0x00007ff7fa5da000 	E:\Android\jre\bin\java.exe
0x00007ffaa5b90000 - 0x00007ffaa5d85000 	C:\WINDOWS\SYSTEM32\ntdll.dll
0x00007ffaa4a20000 - 0x00007ffaa4add000 	C:\WINDOWS\System32\KERNEL32.DLL
0x00007ffaa35b0000 - 0x00007ffaa387d000 	C:\WINDOWS\System32\KERNELBASE.dll
0x00007ffaa33f0000 - 0x00007ffaa34f0000 	C:\WINDOWS\System32\ucrtbase.dll
0x00007ffa8b070000 - 0x00007ffa8b087000 	E:\Android\jre\bin\VCRUNTIME140.dll
0x00007ffa9be90000 - 0x00007ffa9bea9000 	E:\Android\jre\bin\jli.dll
0x00007ffaa4810000 - 0x00007ffaa49b0000 	C:\WINDOWS\System32\USER32.dll
0x00007ffaa3bb0000 - 0x00007ffaa3bd2000 	C:\WINDOWS\System32\win32u.dll
0x00007ffaa47e0000 - 0x00007ffaa480a000 	C:\WINDOWS\System32\GDI32.dll
0x00007ffaa2680000 - 0x00007ffaa291a000 	C:\WINDOWS\WinSxS\amd64_microsoft.windows.common-controls_6595b64144ccf1df_6.0.19041.1110_none_60b5254171f9507e\COMCTL32.dll
0x00007ffaa3940000 - 0x00007ffaa3a4b000 	C:\WINDOWS\System32\gdi32full.dll
0x00007ffaa4db0000 - 0x00007ffaa4e4e000 	C:\WINDOWS\System32\msvcrt.dll
0x00007ffaa32a0000 - 0x00007ffaa333d000 	C:\WINDOWS\System32\msvcp_win.dll
0x00007ffaa4680000 - 0x00007ffaa46b0000 	C:\WINDOWS\System32\IMM32.DLL
0x00007ffa6f340000 - 0x00007ffa6f3dd000 	E:\Android\jre\bin\msvcp140.dll
0x00007ffa3d1c0000 - 0x00007ffa3dc7c000 	E:\Android\jre\bin\server\jvm.dll
0x00007ffaa45d0000 - 0x00007ffaa467e000 	C:\WINDOWS\System32\ADVAPI32.dll
0x00007ffaa5990000 - 0x00007ffaa5a2c000 	C:\WINDOWS\System32\sechost.dll
0x00007ffaa4b90000 - 0x00007ffaa4cb5000 	C:\WINDOWS\System32\RPCRT4.dll
0x00007ffaa5360000 - 0x00007ffaa5368000 	C:\WINDOWS\System32\PSAPI.DLL
0x00007ffa888d0000 - 0x00007ffa888d9000 	C:\WINDOWS\SYSTEM32\WSOCK32.dll
0x00007ffaa49b0000 - 0x00007ffaa4a1b000 	C:\WINDOWS\System32\WS2_32.dll
0x00007ffa92fa0000 - 0x00007ffa92faa000 	C:\WINDOWS\SYSTEM32\VERSION.dll
0x00007ffa8aca0000 - 0x00007ffa8acc7000 	C:\WINDOWS\SYSTEM32\WINMM.dll
0x00007ffaa0a70000 - 0x00007ffaa0a82000 	C:\WINDOWS\SYSTEM32\kernel.appcore.dll
0x00007ffa9e8d0000 - 0x00007ffa9e8e1000 	E:\Android\jre\bin\verify.dll
0x00007ffaa2c50000 - 0x00007ffaa2e34000 	C:\WINDOWS\SYSTEM32\DBGHELP.DLL
0x00007ffaa2a80000 - 0x00007ffaa2aac000 	C:\WINDOWS\SYSTEM32\dbgcore.DLL
0x00007ffaa38b0000 - 0x00007ffaa3932000 	C:\WINDOWS\System32\bcryptPrimitives.dll
0x00007ffa9cf50000 - 0x00007ffa9cf79000 	E:\Android\jre\bin\java.dll
0x00007ffa9e8c0000 - 0x00007ffa9e8cb000 	E:\Android\jre\bin\jimage.dll
0x00007ffa9d760000 - 0x00007ffa9d778000 	E:\Android\jre\bin\zip.dll
0x00007ffaa3dd0000 - 0x00007ffaa4514000 	C:\WINDOWS\System32\SHELL32.dll
0x00007ffaa0d50000 - 0x00007ffaa14e4000 	C:\WINDOWS\SYSTEM32\windows.storage.dll
0x00007ffaa5480000 - 0x00007ffaa57d4000 	C:\WINDOWS\System32\combase.dll
0x00007ffaa2610000 - 0x00007ffaa263c000 	C:\WINDOWS\SYSTEM32\Wldp.dll
0x00007ffaa5370000 - 0x00007ffaa541d000 	C:\WINDOWS\System32\SHCORE.dll
0x00007ffaa3be0000 - 0x00007ffaa3c35000 	C:\WINDOWS\System32\shlwapi.dll
0x00007ffaa31e0000 - 0x00007ffaa31ff000 	C:\WINDOWS\SYSTEM32\profapi.dll
0x00007ffa9cef0000 - 0x00007ffa9cf0a000 	E:\Android\jre\bin\net.dll
0x00007ffa94090000 - 0x00007ffa9419a000 	C:\WINDOWS\SYSTEM32\WINHTTP.dll
0x00007ffaa24e0000 - 0x00007ffaa254a000 	C:\WINDOWS\system32\mswsock.dll
0x00007ffa9ceb0000 - 0x00007ffa9cec4000 	E:\Android\jre\bin\nio.dll
0x00007ffa86b50000 - 0x00007ffa86b77000 	C:\Users\Moon\.gradle\native\fdc75f09e3144964f2cf3f50f0aa648679c211496f362492102eb8c894070792\windows-amd64\native-platform.dll
0x00007ffa6ebe0000 - 0x00007ffa6ed76000 	C:\Users\Moon\.gradle\native\12488b8bf47d2d4c9fbf2f6322a914ad602e24e48041cd04a747c6da556b65c4\windows-amd64\native-platform-file-events.dll
0x00007ffa9e8b0000 - 0x00007ffa9e8ba000 	E:\Android\jre\bin\management.dll
0x00007ffa9e890000 - 0x00007ffa9e89c000 	E:\Android\jre\bin\management_ext.dll
0x00007ffaa3030000 - 0x00007ffaa3048000 	C:\WINDOWS\SYSTEM32\CRYPTSP.dll
0x00007ffaa1d10000 - 0x00007ffaa1d44000 	C:\WINDOWS\system32\rsaenh.dll
0x00007ffaa3880000 - 0x00007ffaa38a7000 	C:\WINDOWS\System32\bcrypt.dll
0x00007ffaa31a0000 - 0x00007ffaa31ce000 	C:\WINDOWS\SYSTEM32\USERENV.dll
0x00007ffaa2600000 - 0x00007ffaa260c000 	C:\WINDOWS\SYSTEM32\CRYPTBASE.dll
0x00007ffaa2060000 - 0x00007ffaa209b000 	C:\WINDOWS\SYSTEM32\IPHLPAPI.DLL
0x00007ffaa45c0000 - 0x00007ffaa45c8000 	C:\WINDOWS\System32\NSI.dll
0x00007ffa98830000 - 0x00007ffa98847000 	C:\WINDOWS\SYSTEM32\dhcpcsvc6.DLL
0x00007ffa97dd0000 - 0x00007ffa97ded000 	C:\WINDOWS\SYSTEM32\dhcpcsvc.DLL
0x00007ffaa20a0000 - 0x00007ffaa216b000 	C:\WINDOWS\SYSTEM32\DNSAPI.dll
0x00007ffa9c020000 - 0x00007ffa9c02b000 	C:\WINDOWS\SYSTEM32\WINNSI.DLL
0x00007ffa9e9a0000 - 0x00007ffa9e9a8000 	E:\Android\jre\bin\rmi.dll
0x00007ffa97bc0000 - 0x00007ffa97be7000 	E:\Android\jre\bin\sunec.dll

dbghelp: loaded successfully - version: 4.0.5 - missing functions: none
symbol engine: initialized successfully - sym options: 0x614 - pdb path: .;E:\Android\jre\bin;C:\WINDOWS\SYSTEM32;C:\WINDOWS\WinSxS\amd64_microsoft.windows.common-controls_6595b64144ccf1df_6.0.19041.1110_none_60b5254171f9507e;E:\Android\jre\bin\server;C:\Users\Moon\.gradle\native\fdc75f09e3144964f2cf3f50f0aa648679c211496f362492102eb8c894070792\windows-amd64;C:\Users\Moon\.gradle\native\12488b8bf47d2d4c9fbf2f6322a914ad602e24e48041cd04a747c6da556b65c4\windows-amd64

VM Arguments:
jvm_args: --add-opens=java.base/java.util=ALL-UNNAMED --add-opens=java.base/java.lang=ALL-UNNAMED --add-opens=java.base/java.lang.invoke=ALL-UNNAMED --add-opens=java.prefs/java.util.prefs=ALL-UNNAMED -Xmx2048m -Dfile.encoding=UTF-8 -Duser.country=US -Duser.language=en -Duser.variant 
java_command: org.gradle.launcher.daemon.bootstrap.GradleDaemon 6.7.1
java_class_path (initial): C:\Users\Moon\.gradle\wrapper\dists\gradle-6.7.1-bin\bwlcbys1h7rz3272sye1xwiv6\gradle-6.7.1\lib\gradle-launcher-6.7.1.jar
Launcher Type: SUN_STANDARD

[Global flags]
     intx CICompilerCount                          = 3                                         {product} {ergonomic}
     uint ConcGCThreads                            = 1                                         {product} {ergonomic}
     uint G1ConcRefinementThreads                  = 4                                         {product} {ergonomic}
   size_t G1HeapRegionSize                         = 1048576                                   {product} {ergonomic}
    uintx GCDrainStackTargetSize                   = 64                                        {product} {ergonomic}
   size_t InitialHeapSize                          = 67108864                                  {product} {ergonomic}
   size_t MarkStackSize                            = 4194304                                   {product} {ergonomic}
   size_t MaxHeapSize                              = 2147483648                                {product} {command line}
   size_t MaxNewSize                               = 1287651328                                {product} {ergonomic}
   size_t MinHeapDeltaBytes                        = 1048576                                   {product} {ergonomic}
    uintx NonNMethodCodeHeapSize                   = 5830732                                {pd product} {ergonomic}
    uintx NonProfiledCodeHeapSize                  = 122913754                              {pd product} {ergonomic}
    uintx ProfiledCodeHeapSize                     = 122913754                              {pd product} {ergonomic}
    uintx ReservedCodeCacheSize                    = 251658240                              {pd product} {ergonomic}
     bool SegmentedCodeCache                       = true                                      {product} {ergonomic}
     bool UseCompressedClassPointers               = true                                 {lp64_product} {ergonomic}
     bool UseCompressedOops                        = true                                 {lp64_product} {ergonomic}
     bool UseG1GC                                  = true                                      {product} {ergonomic}
     bool UseLargePagesIndividualAllocation        = false                                  {pd product} {ergonomic}

Logging:
Log output configuration:
 #0: stdout all=warning uptime,level,tags
 #1: stderr all=off uptime,level,tags

Environment Variables:
PATH=C:\WINDOWS\system32;C:\WINDOWS;C:\WINDOWS\System32\Wbem;C:\WINDOWS\System32\WindowsPowerShell\v1.0\;C:\Program Files\Microsoft VS Code\bin;C:\WINDOWS\System32\OpenSSH\;C:\Program Files\dotnet\;C:\Program Files\Microsoft SQL Server\130\Tools\Binn\;C:\Program Files\Microsoft SQL Server\Client SDK\ODBC\170\Tools\Binn\;C:\Program Files (x86)\Microsoft Visual Studio\Common\Tools\WinNT;C:\Program Files (x86)\Microsoft Visual Studio\Common\MSDev98\Bin;C:\Program Files (x86)\Microsoft Visual Studio\Common\Tools;C:\Program Files (x86)\Microsoft Visual Studio\VC98\bin;C:\Users\Moon\AppData\Local\Programs\Python\Python38\Scripts\;C:\Users\Moon\AppData\Local\Programs\Python\Python38\;C:\Users\Moon\AppData\Local\Programs\Python\Python37-32\Scripts\;C:\Users\Moon\AppData\Local\Programs\Python\Python37-32\;%USERPROFILE%\AppData\Local\Microsoft\WindowsApps;%USERPROFILE%\.dotnet\tools;%PyCharm Community Edition%
USERNAME=Moon
OS=Windows_NT
PROCESSOR_IDENTIFIER=Intel64 Family 6 Model 60 Stepping 3, GenuineIntel



---------------  S Y S T E M  ---------------

OS: Windows 10 , 64 bit Build 19041 (10.0.19041.1706)
OS uptime: 2 days 23:05 hours

CPU:total 4 (initial active 4) (2 cores per cpu, 2 threads per core) family 6 model 60 stepping 3, cmov, cx8, fxsr, mmx, sse, sse2, sse3, ssse3, sse4.1, sse4.2, popcnt, avx, avx2, aes, clmul, erms, lzcnt, ht, tsc, tscinvbit, bmi1, bmi2, fma

Memory: 4k page, system-wide physical 3977M (148M free)
TotalPageFile size 16265M (AvailPageFile size 5M)
current process WorkingSet (physical memory assigned to process): 204M, peak: 449M
current process commit charge ("private bytes"): 646M, peak: 654M

vm_info: OpenJDK 64-Bit Server VM (11.0.8+10-b944.6842174) for windows-amd64 JRE (11.0.8+10-b944.6842174), built on Sep 19 2020 01:11:42 by "builder" with MS VC++ 14.0 (VS2015)

END.
